-------------------------------------------------------------------------------
Test set: main.java.view.Menu_ESTest
-------------------------------------------------------------------------------
Tests run: 69, Failures: 5, Errors: 55, Skipped: 0, Time elapsed: 0.556 sec <<< FAILURE!
test60(main.java.view.Menu_ESTest)  Time elapsed: 0.012 sec  <<< ERROR!
java.lang.ExceptionInInitializerError
	at java.logging/java.util.logging.LogRecord.inferCaller(LogRecord.java:683)
	at java.logging/java.util.logging.LogRecord.getSourceClassName(LogRecord.java:352)
	at java.logging/java.util.logging.SimpleFormatter.format(SimpleFormatter.java:160)
	at java.logging/java.util.logging.StreamHandler.publish(StreamHandler.java:199)
	at java.logging/java.util.logging.ConsoleHandler.publish(ConsoleHandler.java:95)
	at java.logging/java.util.logging.Logger.log(Logger.java:979)
	at java.logging/java.util.logging.Logger.doLog(Logger.java:1006)
	at java.logging/java.util.logging.Logger.log(Logger.java:1029)
	at java.logging/java.util.logging.Logger.info(Logger.java:1802)
	at main.java.view.Menu.displayMenuHeader(Menu.java:413)
	at main.java.view.Menu.newRegisterCar(Menu.java:245)
	at main.java.view.Menu_ESTest.test60(Menu_ESTest.java:940)
	at java.base/jdk.internal.reflect.NativeMethodAccessorImpl.invoke0(Native Method)
	at java.base/jdk.internal.reflect.NativeMethodAccessorImpl.invoke(NativeMethodAccessorImpl.java:62)
	at java.base/jdk.internal.reflect.DelegatingMethodAccessorImpl.invoke(DelegatingMethodAccessorImpl.java:43)
	at java.base/java.lang.reflect.Method.invoke(Method.java:566)
	at org.junit.runners.model.FrameworkMethod$1.runReflectiveCall(FrameworkMethod.java:47)
	at org.junit.internal.runners.model.ReflectiveCallable.run(ReflectiveCallable.java:12)
	at org.junit.runners.model.FrameworkMethod.invokeExplosively(FrameworkMethod.java:44)
	at org.junit.internal.runners.statements.InvokeMethod.evaluate(InvokeMethod.java:17)
	at org.junit.internal.runners.statements.FailOnTimeout$StatementThread.run(FailOnTimeout.java:74)
Caused by: java.lang.SecurityException: Security manager blocks ("java.lang.RuntimePermission" "getStackWalkerWithClassReference")
java.base/java.lang.Thread.getStackTrace(Thread.java:1606)
org.evosuite.runtime.sandbox.MSecurityManager.checkPermission(MSecurityManager.java:434)
java.base/java.lang.StackWalker.checkPermission(StackWalker.java:424)
java.base/java.lang.StackWalker.getInstance(StackWalker.java:365)
java.base/java.lang.StackWalker.getInstance(StackWalker.java:336)
java.logging/java.util.logging.LogRecord$CallerFinder.lambda$static$0(LogRecord.java:700)
java.base/java.security.AccessController.doPrivileged(Native Method)
java.logging/java.util.logging.LogRecord$CallerFinder.<clinit>(LogRecord.java:701)
java.logging/java.util.logging.LogRecord.inferCaller(LogRecord.java:683)
java.logging/java.util.logging.LogRecord.getSourceClassName(LogRecord.java:352)
java.logging/java.util.logging.SimpleFormatter.format(SimpleFormatter.java:160)
java.logging/java.util.logging.StreamHandler.publish(StreamHandler.java:199)
java.logging/java.util.logging.ConsoleHandler.publish(ConsoleHandler.java:95)
java.logging/java.util.logging.Logger.log(Logger.java:979)
java.logging/java.util.logging.Logger.doLog(Logger.java:1006)
java.logging/java.util.logging.Logger.log(Logger.java:1029)
java.logging/java.util.logging.Logger.info(Logger.java:1802)
main.java.view.Menu.displayMenuHeader(Menu.java:413)
main.java.view.Menu.newRegisterCar(Menu.java:245)
main.java.view.Menu_ESTest.test60(Menu_ESTest.java:940)
java.base/jdk.internal.reflect.NativeMethodAccessorImpl.invoke0(Native Method)
java.base/jdk.internal.reflect.NativeMethodAccessorImpl.invoke(NativeMethodAccessorImpl.java:62)
java.base/jdk.internal.reflect.DelegatingMethodAccessorImpl.invoke(DelegatingMethodAccessorImpl.java:43)
java.base/java.lang.reflect.Method.invoke(Method.java:566)
org.junit.runners.model.FrameworkMethod$1.runReflectiveCall(FrameworkMethod.java:47)
org.junit.internal.runners.model.ReflectiveCallable.run(ReflectiveCallable.java:12)
org.junit.runners.model.FrameworkMethod.invokeExplosively(FrameworkMethod.java:44)
org.junit.internal.runners.statements.InvokeMethod.evaluate(InvokeMethod.java:17)
org.junit.internal.runners.statements.FailOnTimeout$StatementThread.run(FailOnTimeout.java:74)

	at org.evosuite.runtime.sandbox.MSecurityManager.checkPermission(MSecurityManager.java:452)
	at java.base/java.lang.StackWalker.checkPermission(StackWalker.java:424)
	at java.base/java.lang.StackWalker.getInstance(StackWalker.java:365)
	at java.base/java.lang.StackWalker.getInstance(StackWalker.java:336)
	at java.logging/java.util.logging.LogRecord$CallerFinder.lambda$static$0(LogRecord.java:700)
	at java.base/java.security.AccessController.doPrivileged(Native Method)
	at java.logging/java.util.logging.LogRecord$CallerFinder.<clinit>(LogRecord.java:701)
	... 21 more

test62(main.java.view.Menu_ESTest)  Time elapsed: 0.01 sec  <<< ERROR!
java.lang.SecurityException: Security manager blocks ("java.lang.RuntimePermission" "localeServiceProvider")
java.base/java.lang.Thread.getStackTrace(Thread.java:1606)
org.evosuite.runtime.sandbox.MSecurityManager.checkPermission(MSecurityManager.java:434)
java.base/java.util.spi.LocaleServiceProvider.checkPermission(LocaleServiceProvider.java:157)
java.base/java.util.spi.LocaleServiceProvider.<init>(LocaleServiceProvider.java:171)
java.base/java.text.spi.NumberFormatProvider.<init>(NumberFormatProvider.java:45)
java.base/sun.util.locale.provider.NumberFormatProviderImpl.<init>(NumberFormatProviderImpl.java:70)
java.base/sun.util.locale.provider.JRELocaleProviderAdapter.lambda$getNumberFormatProvider$5(JRELocaleProviderAdapter.java:239)
java.base/java.security.AccessController.doPrivileged(Native Method)
java.base/sun.util.locale.provider.JRELocaleProviderAdapter.getNumberFormatProvider(JRELocaleProviderAdapter.java:235)
java.base/sun.util.locale.provider.JRELocaleProviderAdapter.getLocaleServiceProvider(JRELocaleProviderAdapter.java:103)
java.base/sun.util.locale.provider.LocaleProviderAdapter.findAdapter(LocaleProviderAdapter.java:281)
java.base/sun.util.locale.provider.LocaleProviderAdapter.getAdapter(LocaleProviderAdapter.java:250)
java.base/java.text.NumberFormat.getInstance(NumberFormat.java:905)
java.base/java.text.NumberFormat.getNumberInstance(NumberFormat.java:515)
java.base/java.util.Scanner.useLocale(Scanner.java:1270)
java.base/java.util.Scanner.<init>(Scanner.java:543)
java.base/java.util.Scanner.<init>(Scanner.java:566)
main.java.view.Menu.getTimeInterval(Menu.java:353)
main.java.view.Menu_ESTest.test62(Menu_ESTest.java:963)
java.base/jdk.internal.reflect.NativeMethodAccessorImpl.invoke0(Native Method)
java.base/jdk.internal.reflect.NativeMethodAccessorImpl.invoke(NativeMethodAccessorImpl.java:62)
java.base/jdk.internal.reflect.DelegatingMethodAccessorImpl.invoke(DelegatingMethodAccessorImpl.java:43)
java.base/java.lang.reflect.Method.invoke(Method.java:566)
org.junit.runners.model.FrameworkMethod$1.runReflectiveCall(FrameworkMethod.java:47)
org.junit.internal.runners.model.ReflectiveCallable.run(ReflectiveCallable.java:12)
org.junit.runners.model.FrameworkMethod.invokeExplosively(FrameworkMethod.java:44)
org.junit.internal.runners.statements.InvokeMethod.evaluate(InvokeMethod.java:17)
org.junit.internal.runners.statements.FailOnTimeout$StatementThread.run(FailOnTimeout.java:74)

	at org.evosuite.runtime.sandbox.MSecurityManager.checkPermission(MSecurityManager.java:452)
	at java.base/java.util.spi.LocaleServiceProvider.checkPermission(LocaleServiceProvider.java:157)
	at java.base/java.util.spi.LocaleServiceProvider.<init>(LocaleServiceProvider.java:171)
	at java.base/java.text.spi.NumberFormatProvider.<init>(NumberFormatProvider.java:45)
	at java.base/sun.util.locale.provider.NumberFormatProviderImpl.<init>(NumberFormatProviderImpl.java:70)
	at java.base/sun.util.locale.provider.JRELocaleProviderAdapter.lambda$getNumberFormatProvider$5(JRELocaleProviderAdapter.java:239)
	at java.base/java.security.AccessController.doPrivileged(Native Method)
	at java.base/sun.util.locale.provider.JRELocaleProviderAdapter.getNumberFormatProvider(JRELocaleProviderAdapter.java:235)
	at java.base/sun.util.locale.provider.JRELocaleProviderAdapter.getLocaleServiceProvider(JRELocaleProviderAdapter.java:103)
	at java.base/sun.util.locale.provider.LocaleProviderAdapter.findAdapter(LocaleProviderAdapter.java:281)
	at java.base/sun.util.locale.provider.LocaleProviderAdapter.getAdapter(LocaleProviderAdapter.java:250)
	at java.base/java.text.NumberFormat.getInstance(NumberFormat.java:905)
	at java.base/java.text.NumberFormat.getNumberInstance(NumberFormat.java:515)
	at java.base/java.util.Scanner.useLocale(Scanner.java:1270)
	at java.base/java.util.Scanner.<init>(Scanner.java:543)
	at java.base/java.util.Scanner.<init>(Scanner.java:566)
	at main.java.view.Menu.getTimeInterval(Menu.java:353)
	at main.java.view.Menu_ESTest.test62(Menu_ESTest.java:963)
	at java.base/jdk.internal.reflect.NativeMethodAccessorImpl.invoke0(Native Method)
	at java.base/jdk.internal.reflect.NativeMethodAccessorImpl.invoke(NativeMethodAccessorImpl.java:62)
	at java.base/jdk.internal.reflect.DelegatingMethodAccessorImpl.invoke(DelegatingMethodAccessorImpl.java:43)
	at java.base/java.lang.reflect.Method.invoke(Method.java:566)
	at org.junit.runners.model.FrameworkMethod$1.runReflectiveCall(FrameworkMethod.java:47)
	at org.junit.internal.runners.model.ReflectiveCallable.run(ReflectiveCallable.java:12)
	at org.junit.runners.model.FrameworkMethod.invokeExplosively(FrameworkMethod.java:44)
	at org.junit.internal.runners.statements.InvokeMethod.evaluate(InvokeMethod.java:17)
	at org.junit.internal.runners.statements.FailOnTimeout$StatementThread.run(FailOnTimeout.java:74)

test63(main.java.view.Menu_ESTest)  Time elapsed: 0.005 sec  <<< ERROR!
java.lang.SecurityException: Security manager blocks ("java.lang.RuntimePermission" "localeServiceProvider")
java.base/java.lang.Thread.getStackTrace(Thread.java:1606)
org.evosuite.runtime.sandbox.MSecurityManager.checkPermission(MSecurityManager.java:434)
java.base/java.util.spi.LocaleServiceProvider.checkPermission(LocaleServiceProvider.java:157)
java.base/java.util.spi.LocaleServiceProvider.<init>(LocaleServiceProvider.java:171)
java.base/java.text.spi.NumberFormatProvider.<init>(NumberFormatProvider.java:45)
java.base/sun.util.locale.provider.NumberFormatProviderImpl.<init>(NumberFormatProviderImpl.java:70)
java.base/sun.util.locale.provider.JRELocaleProviderAdapter.lambda$getNumberFormatProvider$5(JRELocaleProviderAdapter.java:239)
java.base/java.security.AccessController.doPrivileged(Native Method)
java.base/sun.util.locale.provider.JRELocaleProviderAdapter.getNumberFormatProvider(JRELocaleProviderAdapter.java:235)
java.base/sun.util.locale.provider.JRELocaleProviderAdapter.getLocaleServiceProvider(JRELocaleProviderAdapter.java:103)
java.base/sun.util.locale.provider.LocaleProviderAdapter.findAdapter(LocaleProviderAdapter.java:281)
java.base/sun.util.locale.provider.LocaleProviderAdapter.getAdapter(LocaleProviderAdapter.java:250)
java.base/java.text.NumberFormat.getInstance(NumberFormat.java:905)
java.base/java.text.NumberFormat.getNumberInstance(NumberFormat.java:515)
java.base/java.util.Scanner.useLocale(Scanner.java:1270)
java.base/java.util.Scanner.<init>(Scanner.java:543)
java.base/java.util.Scanner.<init>(Scanner.java:566)
main.java.view.Menu.walkingDistanceRent(Menu.java:155)
main.java.view.Menu_ESTest.test63(Menu_ESTest.java:979)
java.base/jdk.internal.reflect.NativeMethodAccessorImpl.invoke0(Native Method)
java.base/jdk.internal.reflect.NativeMethodAccessorImpl.invoke(NativeMethodAccessorImpl.java:62)
java.base/jdk.internal.reflect.DelegatingMethodAccessorImpl.invoke(DelegatingMethodAccessorImpl.java:43)
java.base/java.lang.reflect.Method.invoke(Method.java:566)
org.junit.runners.model.FrameworkMethod$1.runReflectiveCall(FrameworkMethod.java:47)
org.junit.internal.runners.model.ReflectiveCallable.run(ReflectiveCallable.java:12)
org.junit.runners.model.FrameworkMethod.invokeExplosively(FrameworkMethod.java:44)
org.junit.internal.runners.statements.InvokeMethod.evaluate(InvokeMethod.java:17)
org.junit.internal.runners.statements.FailOnTimeout$StatementThread.run(FailOnTimeout.java:74)

	at org.evosuite.runtime.sandbox.MSecurityManager.checkPermission(MSecurityManager.java:452)
	at java.base/java.util.spi.LocaleServiceProvider.checkPermission(LocaleServiceProvider.java:157)
	at java.base/java.util.spi.LocaleServiceProvider.<init>(LocaleServiceProvider.java:171)
	at java.base/java.text.spi.NumberFormatProvider.<init>(NumberFormatProvider.java:45)
	at java.base/sun.util.locale.provider.NumberFormatProviderImpl.<init>(NumberFormatProviderImpl.java:70)
	at java.base/sun.util.locale.provider.JRELocaleProviderAdapter.lambda$getNumberFormatProvider$5(JRELocaleProviderAdapter.java:239)
	at java.base/java.security.AccessController.doPrivileged(Native Method)
	at java.base/sun.util.locale.provider.JRELocaleProviderAdapter.getNumberFormatProvider(JRELocaleProviderAdapter.java:235)
	at java.base/sun.util.locale.provider.JRELocaleProviderAdapter.getLocaleServiceProvider(JRELocaleProviderAdapter.java:103)
	at java.base/sun.util.locale.provider.LocaleProviderAdapter.findAdapter(LocaleProviderAdapter.java:281)
	at java.base/sun.util.locale.provider.LocaleProviderAdapter.getAdapter(LocaleProviderAdapter.java:250)
	at java.base/java.text.NumberFormat.getInstance(NumberFormat.java:905)
	at java.base/java.text.NumberFormat.getNumberInstance(NumberFormat.java:515)
	at java.base/java.util.Scanner.useLocale(Scanner.java:1270)
	at java.base/java.util.Scanner.<init>(Scanner.java:543)
	at java.base/java.util.Scanner.<init>(Scanner.java:566)
	at main.java.view.Menu.walkingDistanceRent(Menu.java:155)
	at main.java.view.Menu_ESTest.test63(Menu_ESTest.java:979)
	at java.base/jdk.internal.reflect.NativeMethodAccessorImpl.invoke0(Native Method)
	at java.base/jdk.internal.reflect.NativeMethodAccessorImpl.invoke(NativeMethodAccessorImpl.java:62)
	at java.base/jdk.internal.reflect.DelegatingMethodAccessorImpl.invoke(DelegatingMethodAccessorImpl.java:43)
	at java.base/java.lang.reflect.Method.invoke(Method.java:566)
	at org.junit.runners.model.FrameworkMethod$1.runReflectiveCall(FrameworkMethod.java:47)
	at org.junit.internal.runners.model.ReflectiveCallable.run(ReflectiveCallable.java:12)
	at org.junit.runners.model.FrameworkMethod.invokeExplosively(FrameworkMethod.java:44)
	at org.junit.internal.runners.statements.InvokeMethod.evaluate(InvokeMethod.java:17)
	at org.junit.internal.runners.statements.FailOnTimeout$StatementThread.run(FailOnTimeout.java:74)

test20(main.java.view.Menu_ESTest)  Time elapsed: 0.005 sec  <<< ERROR!
java.lang.SecurityException: Security manager blocks ("java.lang.RuntimePermission" "localeServiceProvider")
java.base/java.lang.Thread.getStackTrace(Thread.java:1606)
org.evosuite.runtime.sandbox.MSecurityManager.checkPermission(MSecurityManager.java:434)
java.base/java.util.spi.LocaleServiceProvider.checkPermission(LocaleServiceProvider.java:157)
java.base/java.util.spi.LocaleServiceProvider.<init>(LocaleServiceProvider.java:171)
java.base/java.text.spi.NumberFormatProvider.<init>(NumberFormatProvider.java:45)
java.base/sun.util.locale.provider.NumberFormatProviderImpl.<init>(NumberFormatProviderImpl.java:70)
java.base/sun.util.locale.provider.JRELocaleProviderAdapter.lambda$getNumberFormatProvider$5(JRELocaleProviderAdapter.java:239)
java.base/java.security.AccessController.doPrivileged(Native Method)
java.base/sun.util.locale.provider.JRELocaleProviderAdapter.getNumberFormatProvider(JRELocaleProviderAdapter.java:235)
java.base/sun.util.locale.provider.JRELocaleProviderAdapter.getLocaleServiceProvider(JRELocaleProviderAdapter.java:103)
java.base/sun.util.locale.provider.LocaleProviderAdapter.findAdapter(LocaleProviderAdapter.java:281)
java.base/sun.util.locale.provider.LocaleProviderAdapter.getAdapter(LocaleProviderAdapter.java:250)
java.base/java.text.NumberFormat.getInstance(NumberFormat.java:905)
java.base/java.text.NumberFormat.getNumberInstance(NumberFormat.java:515)
java.base/java.util.Scanner.useLocale(Scanner.java:1270)
java.base/java.util.Scanner.<init>(Scanner.java:543)
java.base/java.util.Scanner.<init>(Scanner.java:566)
main.java.view.Menu.specificCarRent(Menu.java:206)
main.java.view.Menu_ESTest.test20(Menu_ESTest.java:285)
java.base/jdk.internal.reflect.NativeMethodAccessorImpl.invoke0(Native Method)
java.base/jdk.internal.reflect.NativeMethodAccessorImpl.invoke(NativeMethodAccessorImpl.java:62)
java.base/jdk.internal.reflect.DelegatingMethodAccessorImpl.invoke(DelegatingMethodAccessorImpl.java:43)
java.base/java.lang.reflect.Method.invoke(Method.java:566)
org.junit.runners.model.FrameworkMethod$1.runReflectiveCall(FrameworkMethod.java:47)
org.junit.internal.runners.model.ReflectiveCallable.run(ReflectiveCallable.java:12)
org.junit.runners.model.FrameworkMethod.invokeExplosively(FrameworkMethod.java:44)
org.junit.internal.runners.statements.InvokeMethod.evaluate(InvokeMethod.java:17)
org.junit.internal.runners.statements.FailOnTimeout$StatementThread.run(FailOnTimeout.java:74)

	at org.evosuite.runtime.sandbox.MSecurityManager.checkPermission(MSecurityManager.java:452)
	at java.base/java.util.spi.LocaleServiceProvider.checkPermission(LocaleServiceProvider.java:157)
	at java.base/java.util.spi.LocaleServiceProvider.<init>(LocaleServiceProvider.java:171)
	at java.base/java.text.spi.NumberFormatProvider.<init>(NumberFormatProvider.java:45)
	at java.base/sun.util.locale.provider.NumberFormatProviderImpl.<init>(NumberFormatProviderImpl.java:70)
	at java.base/sun.util.locale.provider.JRELocaleProviderAdapter.lambda$getNumberFormatProvider$5(JRELocaleProviderAdapter.java:239)
	at java.base/java.security.AccessController.doPrivileged(Native Method)
	at java.base/sun.util.locale.provider.JRELocaleProviderAdapter.getNumberFormatProvider(JRELocaleProviderAdapter.java:235)
	at java.base/sun.util.locale.provider.JRELocaleProviderAdapter.getLocaleServiceProvider(JRELocaleProviderAdapter.java:103)
	at java.base/sun.util.locale.provider.LocaleProviderAdapter.findAdapter(LocaleProviderAdapter.java:281)
	at java.base/sun.util.locale.provider.LocaleProviderAdapter.getAdapter(LocaleProviderAdapter.java:250)
	at java.base/java.text.NumberFormat.getInstance(NumberFormat.java:905)
	at java.base/java.text.NumberFormat.getNumberInstance(NumberFormat.java:515)
	at java.base/java.util.Scanner.useLocale(Scanner.java:1270)
	at java.base/java.util.Scanner.<init>(Scanner.java:543)
	at java.base/java.util.Scanner.<init>(Scanner.java:566)
	at main.java.view.Menu.specificCarRent(Menu.java:206)
	at main.java.view.Menu_ESTest.test20(Menu_ESTest.java:285)
	at java.base/jdk.internal.reflect.NativeMethodAccessorImpl.invoke0(Native Method)
	at java.base/jdk.internal.reflect.NativeMethodAccessorImpl.invoke(NativeMethodAccessorImpl.java:62)
	at java.base/jdk.internal.reflect.DelegatingMethodAccessorImpl.invoke(DelegatingMethodAccessorImpl.java:43)
	at java.base/java.lang.reflect.Method.invoke(Method.java:566)
	at org.junit.runners.model.FrameworkMethod$1.runReflectiveCall(FrameworkMethod.java:47)
	at org.junit.internal.runners.model.ReflectiveCallable.run(ReflectiveCallable.java:12)
	at org.junit.runners.model.FrameworkMethod.invokeExplosively(FrameworkMethod.java:44)
	at org.junit.internal.runners.statements.InvokeMethod.evaluate(InvokeMethod.java:17)
	at org.junit.internal.runners.statements.FailOnTimeout$StatementThread.run(FailOnTimeout.java:74)

test64(main.java.view.Menu_ESTest)  Time elapsed: 0.008 sec  <<< ERROR!
java.lang.SecurityException: Security manager blocks ("java.lang.RuntimePermission" "localeServiceProvider")
java.base/java.lang.Thread.getStackTrace(Thread.java:1606)
org.evosuite.runtime.sandbox.MSecurityManager.checkPermission(MSecurityManager.java:434)
java.base/java.util.spi.LocaleServiceProvider.checkPermission(LocaleServiceProvider.java:157)
java.base/java.util.spi.LocaleServiceProvider.<init>(LocaleServiceProvider.java:171)
java.base/java.text.spi.NumberFormatProvider.<init>(NumberFormatProvider.java:45)
java.base/sun.util.locale.provider.NumberFormatProviderImpl.<init>(NumberFormatProviderImpl.java:70)
java.base/sun.util.locale.provider.JRELocaleProviderAdapter.lambda$getNumberFormatProvider$5(JRELocaleProviderAdapter.java:239)
java.base/java.security.AccessController.doPrivileged(Native Method)
java.base/sun.util.locale.provider.JRELocaleProviderAdapter.getNumberFormatProvider(JRELocaleProviderAdapter.java:235)
java.base/sun.util.locale.provider.JRELocaleProviderAdapter.getLocaleServiceProvider(JRELocaleProviderAdapter.java:103)
java.base/sun.util.locale.provider.LocaleProviderAdapter.findAdapter(LocaleProviderAdapter.java:281)
java.base/sun.util.locale.provider.LocaleProviderAdapter.getAdapter(LocaleProviderAdapter.java:250)
java.base/java.text.NumberFormat.getInstance(NumberFormat.java:905)
java.base/java.text.NumberFormat.getNumberInstance(NumberFormat.java:515)
java.base/java.util.Scanner.useLocale(Scanner.java:1270)
java.base/java.util.Scanner.<init>(Scanner.java:543)
java.base/java.util.Scanner.<init>(Scanner.java:566)
main.java.view.Menu.simpleCarRent(Menu.java:220)
main.java.view.Menu_ESTest.test64(Menu_ESTest.java:995)
java.base/jdk.internal.reflect.NativeMethodAccessorImpl.invoke0(Native Method)
java.base/jdk.internal.reflect.NativeMethodAccessorImpl.invoke(NativeMethodAccessorImpl.java:62)
java.base/jdk.internal.reflect.DelegatingMethodAccessorImpl.invoke(DelegatingMethodAccessorImpl.java:43)
java.base/java.lang.reflect.Method.invoke(Method.java:566)
org.junit.runners.model.FrameworkMethod$1.runReflectiveCall(FrameworkMethod.java:47)
org.junit.internal.runners.model.ReflectiveCallable.run(ReflectiveCallable.java:12)
org.junit.runners.model.FrameworkMethod.invokeExplosively(FrameworkMethod.java:44)
org.junit.internal.runners.statements.InvokeMethod.evaluate(InvokeMethod.java:17)
org.junit.internal.runners.statements.FailOnTimeout$StatementThread.run(FailOnTimeout.java:74)

	at org.evosuite.runtime.sandbox.MSecurityManager.checkPermission(MSecurityManager.java:452)
	at java.base/java.util.spi.LocaleServiceProvider.checkPermission(LocaleServiceProvider.java:157)
	at java.base/java.util.spi.LocaleServiceProvider.<init>(LocaleServiceProvider.java:171)
	at java.base/java.text.spi.NumberFormatProvider.<init>(NumberFormatProvider.java:45)
	at java.base/sun.util.locale.provider.NumberFormatProviderImpl.<init>(NumberFormatProviderImpl.java:70)
	at java.base/sun.util.locale.provider.JRELocaleProviderAdapter.lambda$getNumberFormatProvider$5(JRELocaleProviderAdapter.java:239)
	at java.base/java.security.AccessController.doPrivileged(Native Method)
	at java.base/sun.util.locale.provider.JRELocaleProviderAdapter.getNumberFormatProvider(JRELocaleProviderAdapter.java:235)
	at java.base/sun.util.locale.provider.JRELocaleProviderAdapter.getLocaleServiceProvider(JRELocaleProviderAdapter.java:103)
	at java.base/sun.util.locale.provider.LocaleProviderAdapter.findAdapter(LocaleProviderAdapter.java:281)
	at java.base/sun.util.locale.provider.LocaleProviderAdapter.getAdapter(LocaleProviderAdapter.java:250)
	at java.base/java.text.NumberFormat.getInstance(NumberFormat.java:905)
	at java.base/java.text.NumberFormat.getNumberInstance(NumberFormat.java:515)
	at java.base/java.util.Scanner.useLocale(Scanner.java:1270)
	at java.base/java.util.Scanner.<init>(Scanner.java:543)
	at java.base/java.util.Scanner.<init>(Scanner.java:566)
	at main.java.view.Menu.simpleCarRent(Menu.java:220)
	at main.java.view.Menu_ESTest.test64(Menu_ESTest.java:995)
	at java.base/jdk.internal.reflect.NativeMethodAccessorImpl.invoke0(Native Method)
	at java.base/jdk.internal.reflect.NativeMethodAccessorImpl.invoke(NativeMethodAccessorImpl.java:62)
	at java.base/jdk.internal.reflect.DelegatingMethodAccessorImpl.invoke(DelegatingMethodAccessorImpl.java:43)
	at java.base/java.lang.reflect.Method.invoke(Method.java:566)
	at org.junit.runners.model.FrameworkMethod$1.runReflectiveCall(FrameworkMethod.java:47)
	at org.junit.internal.runners.model.ReflectiveCallable.run(ReflectiveCallable.java:12)
	at org.junit.runners.model.FrameworkMethod.invokeExplosively(FrameworkMethod.java:44)
	at org.junit.internal.runners.statements.InvokeMethod.evaluate(InvokeMethod.java:17)
	at org.junit.internal.runners.statements.FailOnTimeout$StatementThread.run(FailOnTimeout.java:74)

test21(main.java.view.Menu_ESTest)  Time elapsed: 0.008 sec  <<< ERROR!
java.lang.SecurityException: Security manager blocks ("java.lang.RuntimePermission" "localeServiceProvider")
java.base/java.lang.Thread.getStackTrace(Thread.java:1606)
org.evosuite.runtime.sandbox.MSecurityManager.checkPermission(MSecurityManager.java:434)
java.base/java.util.spi.LocaleServiceProvider.checkPermission(LocaleServiceProvider.java:157)
java.base/java.util.spi.LocaleServiceProvider.<init>(LocaleServiceProvider.java:171)
java.base/java.text.spi.NumberFormatProvider.<init>(NumberFormatProvider.java:45)
java.base/sun.util.locale.provider.NumberFormatProviderImpl.<init>(NumberFormatProviderImpl.java:70)
java.base/sun.util.locale.provider.JRELocaleProviderAdapter.lambda$getNumberFormatProvider$5(JRELocaleProviderAdapter.java:239)
java.base/java.security.AccessController.doPrivileged(Native Method)
java.base/sun.util.locale.provider.JRELocaleProviderAdapter.getNumberFormatProvider(JRELocaleProviderAdapter.java:235)
java.base/sun.util.locale.provider.JRELocaleProviderAdapter.getLocaleServiceProvider(JRELocaleProviderAdapter.java:103)
java.base/sun.util.locale.provider.LocaleProviderAdapter.findAdapter(LocaleProviderAdapter.java:281)
java.base/sun.util.locale.provider.LocaleProviderAdapter.getAdapter(LocaleProviderAdapter.java:250)
java.base/java.text.NumberFormat.getInstance(NumberFormat.java:905)
java.base/java.text.NumberFormat.getNumberInstance(NumberFormat.java:515)
java.base/java.util.Scanner.useLocale(Scanner.java:1270)
java.base/java.util.Scanner.<init>(Scanner.java:543)
java.base/java.util.Scanner.<init>(Scanner.java:566)
main.java.view.Menu.simpleCarRent(Menu.java:220)
main.java.view.Menu_ESTest.test21(Menu_ESTest.java:302)
java.base/jdk.internal.reflect.NativeMethodAccessorImpl.invoke0(Native Method)
java.base/jdk.internal.reflect.NativeMethodAccessorImpl.invoke(NativeMethodAccessorImpl.java:62)
java.base/jdk.internal.reflect.DelegatingMethodAccessorImpl.invoke(DelegatingMethodAccessorImpl.java:43)
java.base/java.lang.reflect.Method.invoke(Method.java:566)
org.junit.runners.model.FrameworkMethod$1.runReflectiveCall(FrameworkMethod.java:47)
org.junit.internal.runners.model.ReflectiveCallable.run(ReflectiveCallable.java:12)
org.junit.runners.model.FrameworkMethod.invokeExplosively(FrameworkMethod.java:44)
org.junit.internal.runners.statements.InvokeMethod.evaluate(InvokeMethod.java:17)
org.junit.internal.runners.statements.FailOnTimeout$StatementThread.run(FailOnTimeout.java:74)

	at org.evosuite.runtime.sandbox.MSecurityManager.checkPermission(MSecurityManager.java:452)
	at java.base/java.util.spi.LocaleServiceProvider.checkPermission(LocaleServiceProvider.java:157)
	at java.base/java.util.spi.LocaleServiceProvider.<init>(LocaleServiceProvider.java:171)
	at java.base/java.text.spi.NumberFormatProvider.<init>(NumberFormatProvider.java:45)
	at java.base/sun.util.locale.provider.NumberFormatProviderImpl.<init>(NumberFormatProviderImpl.java:70)
	at java.base/sun.util.locale.provider.JRELocaleProviderAdapter.lambda$getNumberFormatProvider$5(JRELocaleProviderAdapter.java:239)
	at java.base/java.security.AccessController.doPrivileged(Native Method)
	at java.base/sun.util.locale.provider.JRELocaleProviderAdapter.getNumberFormatProvider(JRELocaleProviderAdapter.java:235)
	at java.base/sun.util.locale.provider.JRELocaleProviderAdapter.getLocaleServiceProvider(JRELocaleProviderAdapter.java:103)
	at java.base/sun.util.locale.provider.LocaleProviderAdapter.findAdapter(LocaleProviderAdapter.java:281)
	at java.base/sun.util.locale.provider.LocaleProviderAdapter.getAdapter(LocaleProviderAdapter.java:250)
	at java.base/java.text.NumberFormat.getInstance(NumberFormat.java:905)
	at java.base/java.text.NumberFormat.getNumberInstance(NumberFormat.java:515)
	at java.base/java.util.Scanner.useLocale(Scanner.java:1270)
	at java.base/java.util.Scanner.<init>(Scanner.java:543)
	at java.base/java.util.Scanner.<init>(Scanner.java:566)
	at main.java.view.Menu.simpleCarRent(Menu.java:220)
	at main.java.view.Menu_ESTest.test21(Menu_ESTest.java:302)
	at java.base/jdk.internal.reflect.NativeMethodAccessorImpl.invoke0(Native Method)
	at java.base/jdk.internal.reflect.NativeMethodAccessorImpl.invoke(NativeMethodAccessorImpl.java:62)
	at java.base/jdk.internal.reflect.DelegatingMethodAccessorImpl.invoke(DelegatingMethodAccessorImpl.java:43)
	at java.base/java.lang.reflect.Method.invoke(Method.java:566)
	at org.junit.runners.model.FrameworkMethod$1.runReflectiveCall(FrameworkMethod.java:47)
	at org.junit.internal.runners.model.ReflectiveCallable.run(ReflectiveCallable.java:12)
	at org.junit.runners.model.FrameworkMethod.invokeExplosively(FrameworkMethod.java:44)
	at org.junit.internal.runners.statements.InvokeMethod.evaluate(InvokeMethod.java:17)
	at org.junit.internal.runners.statements.FailOnTimeout$StatementThread.run(FailOnTimeout.java:74)

test65(main.java.view.Menu_ESTest)  Time elapsed: 0.009 sec  <<< ERROR!
java.lang.SecurityException: Security manager blocks ("java.lang.RuntimePermission" "localeServiceProvider")
java.base/java.lang.Thread.getStackTrace(Thread.java:1606)
org.evosuite.runtime.sandbox.MSecurityManager.checkPermission(MSecurityManager.java:434)
java.base/java.util.spi.LocaleServiceProvider.checkPermission(LocaleServiceProvider.java:157)
java.base/java.util.spi.LocaleServiceProvider.<init>(LocaleServiceProvider.java:171)
java.base/java.text.spi.NumberFormatProvider.<init>(NumberFormatProvider.java:45)
java.base/sun.util.locale.provider.NumberFormatProviderImpl.<init>(NumberFormatProviderImpl.java:70)
java.base/sun.util.locale.provider.JRELocaleProviderAdapter.lambda$getNumberFormatProvider$5(JRELocaleProviderAdapter.java:239)
java.base/java.security.AccessController.doPrivileged(Native Method)
java.base/sun.util.locale.provider.JRELocaleProviderAdapter.getNumberFormatProvider(JRELocaleProviderAdapter.java:235)
java.base/sun.util.locale.provider.JRELocaleProviderAdapter.getLocaleServiceProvider(JRELocaleProviderAdapter.java:103)
java.base/sun.util.locale.provider.LocaleProviderAdapter.findAdapter(LocaleProviderAdapter.java:281)
java.base/sun.util.locale.provider.LocaleProviderAdapter.getAdapter(LocaleProviderAdapter.java:250)
java.base/java.text.NumberFormat.getInstance(NumberFormat.java:905)
java.base/java.text.NumberFormat.getNumberInstance(NumberFormat.java:515)
java.base/java.util.Scanner.useLocale(Scanner.java:1270)
java.base/java.util.Scanner.<init>(Scanner.java:543)
java.base/java.util.Scanner.<init>(Scanner.java:566)
main.java.view.Menu.autonomyCarRent(Menu.java:139)
main.java.view.Menu_ESTest.test65(Menu_ESTest.java:1011)
java.base/jdk.internal.reflect.NativeMethodAccessorImpl.invoke0(Native Method)
java.base/jdk.internal.reflect.NativeMethodAccessorImpl.invoke(NativeMethodAccessorImpl.java:62)
java.base/jdk.internal.reflect.DelegatingMethodAccessorImpl.invoke(DelegatingMethodAccessorImpl.java:43)
java.base/java.lang.reflect.Method.invoke(Method.java:566)
org.junit.runners.model.FrameworkMethod$1.runReflectiveCall(FrameworkMethod.java:47)
org.junit.internal.runners.model.ReflectiveCallable.run(ReflectiveCallable.java:12)
org.junit.runners.model.FrameworkMethod.invokeExplosively(FrameworkMethod.java:44)
org.junit.internal.runners.statements.InvokeMethod.evaluate(InvokeMethod.java:17)
org.junit.internal.runners.statements.FailOnTimeout$StatementThread.run(FailOnTimeout.java:74)

	at org.evosuite.runtime.sandbox.MSecurityManager.checkPermission(MSecurityManager.java:452)
	at java.base/java.util.spi.LocaleServiceProvider.checkPermission(LocaleServiceProvider.java:157)
	at java.base/java.util.spi.LocaleServiceProvider.<init>(LocaleServiceProvider.java:171)
	at java.base/java.text.spi.NumberFormatProvider.<init>(NumberFormatProvider.java:45)
	at java.base/sun.util.locale.provider.NumberFormatProviderImpl.<init>(NumberFormatProviderImpl.java:70)
	at java.base/sun.util.locale.provider.JRELocaleProviderAdapter.lambda$getNumberFormatProvider$5(JRELocaleProviderAdapter.java:239)
	at java.base/java.security.AccessController.doPrivileged(Native Method)
	at java.base/sun.util.locale.provider.JRELocaleProviderAdapter.getNumberFormatProvider(JRELocaleProviderAdapter.java:235)
	at java.base/sun.util.locale.provider.JRELocaleProviderAdapter.getLocaleServiceProvider(JRELocaleProviderAdapter.java:103)
	at java.base/sun.util.locale.provider.LocaleProviderAdapter.findAdapter(LocaleProviderAdapter.java:281)
	at java.base/sun.util.locale.provider.LocaleProviderAdapter.getAdapter(LocaleProviderAdapter.java:250)
	at java.base/java.text.NumberFormat.getInstance(NumberFormat.java:905)
	at java.base/java.text.NumberFormat.getNumberInstance(NumberFormat.java:515)
	at java.base/java.util.Scanner.useLocale(Scanner.java:1270)
	at java.base/java.util.Scanner.<init>(Scanner.java:543)
	at java.base/java.util.Scanner.<init>(Scanner.java:566)
	at main.java.view.Menu.autonomyCarRent(Menu.java:139)
	at main.java.view.Menu_ESTest.test65(Menu_ESTest.java:1011)
	at java.base/jdk.internal.reflect.NativeMethodAccessorImpl.invoke0(Native Method)
	at java.base/jdk.internal.reflect.NativeMethodAccessorImpl.invoke(NativeMethodAccessorImpl.java:62)
	at java.base/jdk.internal.reflect.DelegatingMethodAccessorImpl.invoke(DelegatingMethodAccessorImpl.java:43)
	at java.base/java.lang.reflect.Method.invoke(Method.java:566)
	at org.junit.runners.model.FrameworkMethod$1.runReflectiveCall(FrameworkMethod.java:47)
	at org.junit.internal.runners.model.ReflectiveCallable.run(ReflectiveCallable.java:12)
	at org.junit.runners.model.FrameworkMethod.invokeExplosively(FrameworkMethod.java:44)
	at org.junit.internal.runners.statements.InvokeMethod.evaluate(InvokeMethod.java:17)
	at org.junit.internal.runners.statements.FailOnTimeout$StatementThread.run(FailOnTimeout.java:74)

test22(main.java.view.Menu_ESTest)  Time elapsed: 0.016 sec  <<< ERROR!
java.lang.SecurityException: Security manager blocks ("java.lang.RuntimePermission" "localeServiceProvider")
java.base/java.lang.Thread.getStackTrace(Thread.java:1606)
org.evosuite.runtime.sandbox.MSecurityManager.checkPermission(MSecurityManager.java:434)
java.base/java.util.spi.LocaleServiceProvider.checkPermission(LocaleServiceProvider.java:157)
java.base/java.util.spi.LocaleServiceProvider.<init>(LocaleServiceProvider.java:171)
java.base/java.text.spi.NumberFormatProvider.<init>(NumberFormatProvider.java:45)
java.base/sun.util.locale.provider.NumberFormatProviderImpl.<init>(NumberFormatProviderImpl.java:70)
java.base/sun.util.locale.provider.JRELocaleProviderAdapter.lambda$getNumberFormatProvider$5(JRELocaleProviderAdapter.java:239)
java.base/java.security.AccessController.doPrivileged(Native Method)
java.base/sun.util.locale.provider.JRELocaleProviderAdapter.getNumberFormatProvider(JRELocaleProviderAdapter.java:235)
java.base/sun.util.locale.provider.JRELocaleProviderAdapter.getLocaleServiceProvider(JRELocaleProviderAdapter.java:103)
java.base/sun.util.locale.provider.LocaleProviderAdapter.findAdapter(LocaleProviderAdapter.java:281)
java.base/sun.util.locale.provider.LocaleProviderAdapter.getAdapter(LocaleProviderAdapter.java:250)
java.base/java.text.NumberFormat.getInstance(NumberFormat.java:905)
java.base/java.text.NumberFormat.getNumberInstance(NumberFormat.java:515)
java.base/java.util.Scanner.useLocale(Scanner.java:1270)
java.base/java.util.Scanner.<init>(Scanner.java:543)
java.base/java.util.Scanner.<init>(Scanner.java:566)
main.java.view.Menu.showRentalRate(Menu.java:83)
main.java.view.Menu_ESTest.test22(Menu_ESTest.java:319)
java.base/jdk.internal.reflect.NativeMethodAccessorImpl.invoke0(Native Method)
java.base/jdk.internal.reflect.NativeMethodAccessorImpl.invoke(NativeMethodAccessorImpl.java:62)
java.base/jdk.internal.reflect.DelegatingMethodAccessorImpl.invoke(DelegatingMethodAccessorImpl.java:43)
java.base/java.lang.reflect.Method.invoke(Method.java:566)
org.junit.runners.model.FrameworkMethod$1.runReflectiveCall(FrameworkMethod.java:47)
org.junit.internal.runners.model.ReflectiveCallable.run(ReflectiveCallable.java:12)
org.junit.runners.model.FrameworkMethod.invokeExplosively(FrameworkMethod.java:44)
org.junit.internal.runners.statements.InvokeMethod.evaluate(InvokeMethod.java:17)
org.junit.internal.runners.statements.FailOnTimeout$StatementThread.run(FailOnTimeout.java:74)

	at org.evosuite.runtime.sandbox.MSecurityManager.checkPermission(MSecurityManager.java:452)
	at java.base/java.util.spi.LocaleServiceProvider.checkPermission(LocaleServiceProvider.java:157)
	at java.base/java.util.spi.LocaleServiceProvider.<init>(LocaleServiceProvider.java:171)
	at java.base/java.text.spi.NumberFormatProvider.<init>(NumberFormatProvider.java:45)
	at java.base/sun.util.locale.provider.NumberFormatProviderImpl.<init>(NumberFormatProviderImpl.java:70)
	at java.base/sun.util.locale.provider.JRELocaleProviderAdapter.lambda$getNumberFormatProvider$5(JRELocaleProviderAdapter.java:239)
	at java.base/java.security.AccessController.doPrivileged(Native Method)
	at java.base/sun.util.locale.provider.JRELocaleProviderAdapter.getNumberFormatProvider(JRELocaleProviderAdapter.java:235)
	at java.base/sun.util.locale.provider.JRELocaleProviderAdapter.getLocaleServiceProvider(JRELocaleProviderAdapter.java:103)
	at java.base/sun.util.locale.provider.LocaleProviderAdapter.findAdapter(LocaleProviderAdapter.java:281)
	at java.base/sun.util.locale.provider.LocaleProviderAdapter.getAdapter(LocaleProviderAdapter.java:250)
	at java.base/java.text.NumberFormat.getInstance(NumberFormat.java:905)
	at java.base/java.text.NumberFormat.getNumberInstance(NumberFormat.java:515)
	at java.base/java.util.Scanner.useLocale(Scanner.java:1270)
	at java.base/java.util.Scanner.<init>(Scanner.java:543)
	at java.base/java.util.Scanner.<init>(Scanner.java:566)
	at main.java.view.Menu.showRentalRate(Menu.java:83)
	at main.java.view.Menu_ESTest.test22(Menu_ESTest.java:319)
	at java.base/jdk.internal.reflect.NativeMethodAccessorImpl.invoke0(Native Method)
	at java.base/jdk.internal.reflect.NativeMethodAccessorImpl.invoke(NativeMethodAccessorImpl.java:62)
	at java.base/jdk.internal.reflect.DelegatingMethodAccessorImpl.invoke(DelegatingMethodAccessorImpl.java:43)
	at java.base/java.lang.reflect.Method.invoke(Method.java:566)
	at org.junit.runners.model.FrameworkMethod$1.runReflectiveCall(FrameworkMethod.java:47)
	at org.junit.internal.runners.model.ReflectiveCallable.run(ReflectiveCallable.java:12)
	at org.junit.runners.model.FrameworkMethod.invokeExplosively(FrameworkMethod.java:44)
	at org.junit.internal.runners.statements.InvokeMethod.evaluate(InvokeMethod.java:17)
	at org.junit.internal.runners.statements.FailOnTimeout$StatementThread.run(FailOnTimeout.java:74)

test66(main.java.view.Menu_ESTest)  Time elapsed: 0.009 sec  <<< ERROR!
java.lang.SecurityException: Security manager blocks ("java.lang.RuntimePermission" "localeServiceProvider")
java.base/java.lang.Thread.getStackTrace(Thread.java:1606)
org.evosuite.runtime.sandbox.MSecurityManager.checkPermission(MSecurityManager.java:434)
java.base/java.util.spi.LocaleServiceProvider.checkPermission(LocaleServiceProvider.java:157)
java.base/java.util.spi.LocaleServiceProvider.<init>(LocaleServiceProvider.java:171)
java.base/java.text.spi.NumberFormatProvider.<init>(NumberFormatProvider.java:45)
java.base/sun.util.locale.provider.NumberFormatProviderImpl.<init>(NumberFormatProviderImpl.java:70)
java.base/sun.util.locale.provider.JRELocaleProviderAdapter.lambda$getNumberFormatProvider$5(JRELocaleProviderAdapter.java:239)
java.base/java.security.AccessController.doPrivileged(Native Method)
java.base/sun.util.locale.provider.JRELocaleProviderAdapter.getNumberFormatProvider(JRELocaleProviderAdapter.java:235)
java.base/sun.util.locale.provider.JRELocaleProviderAdapter.getLocaleServiceProvider(JRELocaleProviderAdapter.java:103)
java.base/sun.util.locale.provider.LocaleProviderAdapter.findAdapter(LocaleProviderAdapter.java:281)
java.base/sun.util.locale.provider.LocaleProviderAdapter.getAdapter(LocaleProviderAdapter.java:250)
java.base/java.text.NumberFormat.getInstance(NumberFormat.java:905)
java.base/java.text.NumberFormat.getNumberInstance(NumberFormat.java:515)
java.base/java.util.Scanner.useLocale(Scanner.java:1270)
java.base/java.util.Scanner.<init>(Scanner.java:543)
java.base/java.util.Scanner.<init>(Scanner.java:566)
main.java.view.Menu.showString(Menu.java:73)
main.java.view.Menu_ESTest.test66(Menu_ESTest.java:1027)
java.base/jdk.internal.reflect.NativeMethodAccessorImpl.invoke0(Native Method)
java.base/jdk.internal.reflect.NativeMethodAccessorImpl.invoke(NativeMethodAccessorImpl.java:62)
java.base/jdk.internal.reflect.DelegatingMethodAccessorImpl.invoke(DelegatingMethodAccessorImpl.java:43)
java.base/java.lang.reflect.Method.invoke(Method.java:566)
org.junit.runners.model.FrameworkMethod$1.runReflectiveCall(FrameworkMethod.java:47)
org.junit.internal.runners.model.ReflectiveCallable.run(ReflectiveCallable.java:12)
org.junit.runners.model.FrameworkMethod.invokeExplosively(FrameworkMethod.java:44)
org.junit.internal.runners.statements.InvokeMethod.evaluate(InvokeMethod.java:17)
org.junit.internal.runners.statements.FailOnTimeout$StatementThread.run(FailOnTimeout.java:74)

	at org.evosuite.runtime.sandbox.MSecurityManager.checkPermission(MSecurityManager.java:452)
	at java.base/java.util.spi.LocaleServiceProvider.checkPermission(LocaleServiceProvider.java:157)
	at java.base/java.util.spi.LocaleServiceProvider.<init>(LocaleServiceProvider.java:171)
	at java.base/java.text.spi.NumberFormatProvider.<init>(NumberFormatProvider.java:45)
	at java.base/sun.util.locale.provider.NumberFormatProviderImpl.<init>(NumberFormatProviderImpl.java:70)
	at java.base/sun.util.locale.provider.JRELocaleProviderAdapter.lambda$getNumberFormatProvider$5(JRELocaleProviderAdapter.java:239)
	at java.base/java.security.AccessController.doPrivileged(Native Method)
	at java.base/sun.util.locale.provider.JRELocaleProviderAdapter.getNumberFormatProvider(JRELocaleProviderAdapter.java:235)
	at java.base/sun.util.locale.provider.JRELocaleProviderAdapter.getLocaleServiceProvider(JRELocaleProviderAdapter.java:103)
	at java.base/sun.util.locale.provider.LocaleProviderAdapter.findAdapter(LocaleProviderAdapter.java:281)
	at java.base/sun.util.locale.provider.LocaleProviderAdapter.getAdapter(LocaleProviderAdapter.java:250)
	at java.base/java.text.NumberFormat.getInstance(NumberFormat.java:905)
	at java.base/java.text.NumberFormat.getNumberInstance(NumberFormat.java:515)
	at java.base/java.util.Scanner.useLocale(Scanner.java:1270)
	at java.base/java.util.Scanner.<init>(Scanner.java:543)
	at java.base/java.util.Scanner.<init>(Scanner.java:566)
	at main.java.view.Menu.showString(Menu.java:73)
	at main.java.view.Menu_ESTest.test66(Menu_ESTest.java:1027)
	at java.base/jdk.internal.reflect.NativeMethodAccessorImpl.invoke0(Native Method)
	at java.base/jdk.internal.reflect.NativeMethodAccessorImpl.invoke(NativeMethodAccessorImpl.java:62)
	at java.base/jdk.internal.reflect.DelegatingMethodAccessorImpl.invoke(DelegatingMethodAccessorImpl.java:43)
	at java.base/java.lang.reflect.Method.invoke(Method.java:566)
	at org.junit.runners.model.FrameworkMethod$1.runReflectiveCall(FrameworkMethod.java:47)
	at org.junit.internal.runners.model.ReflectiveCallable.run(ReflectiveCallable.java:12)
	at org.junit.runners.model.FrameworkMethod.invokeExplosively(FrameworkMethod.java:44)
	at org.junit.internal.runners.statements.InvokeMethod.evaluate(InvokeMethod.java:17)
	at org.junit.internal.runners.statements.FailOnTimeout$StatementThread.run(FailOnTimeout.java:74)

test67(main.java.view.Menu_ESTest)  Time elapsed: 0.007 sec  <<< ERROR!
java.lang.NoClassDefFoundError: Could not initialize class java.util.logging.LogRecord$CallerFinder
	at java.logging/java.util.logging.LogRecord.inferCaller(LogRecord.java:683)
	at java.logging/java.util.logging.LogRecord.getSourceClassName(LogRecord.java:352)
	at java.logging/java.util.logging.SimpleFormatter.format(SimpleFormatter.java:160)
	at java.logging/java.util.logging.StreamHandler.publish(StreamHandler.java:199)
	at java.logging/java.util.logging.ConsoleHandler.publish(ConsoleHandler.java:95)
	at java.logging/java.util.logging.Logger.log(Logger.java:979)
	at java.logging/java.util.logging.Logger.doLog(Logger.java:1006)
	at java.logging/java.util.logging.Logger.log(Logger.java:1029)
	at java.logging/java.util.logging.Logger.info(Logger.java:1802)
	at main.java.view.Menu.displayMenuHeader(Menu.java:413)
	at main.java.view.Menu.top10ClientsShow(Menu.java:197)
	at main.java.view.Menu_ESTest.test67(Menu_ESTest.java:1044)
	at java.base/jdk.internal.reflect.NativeMethodAccessorImpl.invoke0(Native Method)
	at java.base/jdk.internal.reflect.NativeMethodAccessorImpl.invoke(NativeMethodAccessorImpl.java:62)
	at java.base/jdk.internal.reflect.DelegatingMethodAccessorImpl.invoke(DelegatingMethodAccessorImpl.java:43)
	at java.base/java.lang.reflect.Method.invoke(Method.java:566)
	at org.junit.runners.model.FrameworkMethod$1.runReflectiveCall(FrameworkMethod.java:47)
	at org.junit.internal.runners.model.ReflectiveCallable.run(ReflectiveCallable.java:12)
	at org.junit.runners.model.FrameworkMethod.invokeExplosively(FrameworkMethod.java:44)
	at org.junit.internal.runners.statements.InvokeMethod.evaluate(InvokeMethod.java:17)
	at org.junit.internal.runners.statements.FailOnTimeout$StatementThread.run(FailOnTimeout.java:74)

test24(main.java.view.Menu_ESTest)  Time elapsed: 0.009 sec  <<< ERROR!
java.lang.SecurityException: Security manager blocks ("java.lang.RuntimePermission" "localeServiceProvider")
java.base/java.lang.Thread.getStackTrace(Thread.java:1606)
org.evosuite.runtime.sandbox.MSecurityManager.checkPermission(MSecurityManager.java:434)
java.base/java.util.spi.LocaleServiceProvider.checkPermission(LocaleServiceProvider.java:157)
java.base/java.util.spi.LocaleServiceProvider.<init>(LocaleServiceProvider.java:171)
java.base/java.text.spi.NumberFormatProvider.<init>(NumberFormatProvider.java:45)
java.base/sun.util.locale.provider.NumberFormatProviderImpl.<init>(NumberFormatProviderImpl.java:70)
java.base/sun.util.locale.provider.JRELocaleProviderAdapter.lambda$getNumberFormatProvider$5(JRELocaleProviderAdapter.java:239)
java.base/java.security.AccessController.doPrivileged(Native Method)
java.base/sun.util.locale.provider.JRELocaleProviderAdapter.getNumberFormatProvider(JRELocaleProviderAdapter.java:235)
java.base/sun.util.locale.provider.JRELocaleProviderAdapter.getLocaleServiceProvider(JRELocaleProviderAdapter.java:103)
java.base/sun.util.locale.provider.LocaleProviderAdapter.findAdapter(LocaleProviderAdapter.java:281)
java.base/sun.util.locale.provider.LocaleProviderAdapter.getAdapter(LocaleProviderAdapter.java:250)
java.base/java.text.NumberFormat.getInstance(NumberFormat.java:905)
java.base/java.text.NumberFormat.getNumberInstance(NumberFormat.java:515)
java.base/java.util.Scanner.useLocale(Scanner.java:1270)
java.base/java.util.Scanner.<init>(Scanner.java:543)
java.base/java.util.Scanner.<init>(Scanner.java:566)
main.java.view.Menu.reviewRentShow(Menu.java:171)
main.java.view.Menu_ESTest.test24(Menu_ESTest.java:352)
java.base/jdk.internal.reflect.NativeMethodAccessorImpl.invoke0(Native Method)
java.base/jdk.internal.reflect.NativeMethodAccessorImpl.invoke(NativeMethodAccessorImpl.java:62)
java.base/jdk.internal.reflect.DelegatingMethodAccessorImpl.invoke(DelegatingMethodAccessorImpl.java:43)
java.base/java.lang.reflect.Method.invoke(Method.java:566)
org.junit.runners.model.FrameworkMethod$1.runReflectiveCall(FrameworkMethod.java:47)
org.junit.internal.runners.model.ReflectiveCallable.run(ReflectiveCallable.java:12)
org.junit.runners.model.FrameworkMethod.invokeExplosively(FrameworkMethod.java:44)
org.junit.internal.runners.statements.InvokeMethod.evaluate(InvokeMethod.java:17)
org.junit.internal.runners.statements.FailOnTimeout$StatementThread.run(FailOnTimeout.java:74)

	at org.evosuite.runtime.sandbox.MSecurityManager.checkPermission(MSecurityManager.java:452)
	at java.base/java.util.spi.LocaleServiceProvider.checkPermission(LocaleServiceProvider.java:157)
	at java.base/java.util.spi.LocaleServiceProvider.<init>(LocaleServiceProvider.java:171)
	at java.base/java.text.spi.NumberFormatProvider.<init>(NumberFormatProvider.java:45)
	at java.base/sun.util.locale.provider.NumberFormatProviderImpl.<init>(NumberFormatProviderImpl.java:70)
	at java.base/sun.util.locale.provider.JRELocaleProviderAdapter.lambda$getNumberFormatProvider$5(JRELocaleProviderAdapter.java:239)
	at java.base/java.security.AccessController.doPrivileged(Native Method)
	at java.base/sun.util.locale.provider.JRELocaleProviderAdapter.getNumberFormatProvider(JRELocaleProviderAdapter.java:235)
	at java.base/sun.util.locale.provider.JRELocaleProviderAdapter.getLocaleServiceProvider(JRELocaleProviderAdapter.java:103)
	at java.base/sun.util.locale.provider.LocaleProviderAdapter.findAdapter(LocaleProviderAdapter.java:281)
	at java.base/sun.util.locale.provider.LocaleProviderAdapter.getAdapter(LocaleProviderAdapter.java:250)
	at java.base/java.text.NumberFormat.getInstance(NumberFormat.java:905)
	at java.base/java.text.NumberFormat.getNumberInstance(NumberFormat.java:515)
	at java.base/java.util.Scanner.useLocale(Scanner.java:1270)
	at java.base/java.util.Scanner.<init>(Scanner.java:543)
	at java.base/java.util.Scanner.<init>(Scanner.java:566)
	at main.java.view.Menu.reviewRentShow(Menu.java:171)
	at main.java.view.Menu_ESTest.test24(Menu_ESTest.java:352)
	at java.base/jdk.internal.reflect.NativeMethodAccessorImpl.invoke0(Native Method)
	at java.base/jdk.internal.reflect.NativeMethodAccessorImpl.invoke(NativeMethodAccessorImpl.java:62)
	at java.base/jdk.internal.reflect.DelegatingMethodAccessorImpl.invoke(DelegatingMethodAccessorImpl.java:43)
	at java.base/java.lang.reflect.Method.invoke(Method.java:566)
	at org.junit.runners.model.FrameworkMethod$1.runReflectiveCall(FrameworkMethod.java:47)
	at org.junit.internal.runners.model.ReflectiveCallable.run(ReflectiveCallable.java:12)
	at org.junit.runners.model.FrameworkMethod.invokeExplosively(FrameworkMethod.java:44)
	at org.junit.internal.runners.statements.InvokeMethod.evaluate(InvokeMethod.java:17)
	at org.junit.internal.runners.statements.FailOnTimeout$StatementThread.run(FailOnTimeout.java:74)

test68(main.java.view.Menu_ESTest)  Time elapsed: 0.008 sec  <<< ERROR!
java.lang.SecurityException: Security manager blocks ("java.lang.RuntimePermission" "localeServiceProvider")
java.base/java.lang.Thread.getStackTrace(Thread.java:1606)
org.evosuite.runtime.sandbox.MSecurityManager.checkPermission(MSecurityManager.java:434)
java.base/java.util.spi.LocaleServiceProvider.checkPermission(LocaleServiceProvider.java:157)
java.base/java.util.spi.LocaleServiceProvider.<init>(LocaleServiceProvider.java:171)
java.base/java.text.spi.NumberFormatProvider.<init>(NumberFormatProvider.java:45)
java.base/sun.util.locale.provider.NumberFormatProviderImpl.<init>(NumberFormatProviderImpl.java:70)
java.base/sun.util.locale.provider.JRELocaleProviderAdapter.lambda$getNumberFormatProvider$5(JRELocaleProviderAdapter.java:239)
java.base/java.security.AccessController.doPrivileged(Native Method)
java.base/sun.util.locale.provider.JRELocaleProviderAdapter.getNumberFormatProvider(JRELocaleProviderAdapter.java:235)
java.base/sun.util.locale.provider.JRELocaleProviderAdapter.getLocaleServiceProvider(JRELocaleProviderAdapter.java:103)
java.base/sun.util.locale.provider.LocaleProviderAdapter.findAdapter(LocaleProviderAdapter.java:281)
java.base/sun.util.locale.provider.LocaleProviderAdapter.getAdapter(LocaleProviderAdapter.java:250)
java.base/java.text.NumberFormat.getInstance(NumberFormat.java:905)
java.base/java.text.NumberFormat.getNumberInstance(NumberFormat.java:515)
java.base/java.util.Scanner.useLocale(Scanner.java:1270)
java.base/java.util.Scanner.<init>(Scanner.java:543)
java.base/java.util.Scanner.<init>(Scanner.java:566)
main.java.view.Menu.getLoc(Menu.java:432)
main.java.view.Menu.newRegisterUserAux(Menu.java:312)
main.java.view.Menu_ESTest.test68(Menu_ESTest.java:1060)
java.base/jdk.internal.reflect.NativeMethodAccessorImpl.invoke0(Native Method)
java.base/jdk.internal.reflect.NativeMethodAccessorImpl.invoke(NativeMethodAccessorImpl.java:62)
java.base/jdk.internal.reflect.DelegatingMethodAccessorImpl.invoke(DelegatingMethodAccessorImpl.java:43)
java.base/java.lang.reflect.Method.invoke(Method.java:566)
org.junit.runners.model.FrameworkMethod$1.runReflectiveCall(FrameworkMethod.java:47)
org.junit.internal.runners.model.ReflectiveCallable.run(ReflectiveCallable.java:12)
org.junit.runners.model.FrameworkMethod.invokeExplosively(FrameworkMethod.java:44)
org.junit.internal.runners.statements.InvokeMethod.evaluate(InvokeMethod.java:17)
org.junit.internal.runners.statements.FailOnTimeout$StatementThread.run(FailOnTimeout.java:74)

	at org.evosuite.runtime.sandbox.MSecurityManager.checkPermission(MSecurityManager.java:452)
	at java.base/java.util.spi.LocaleServiceProvider.checkPermission(LocaleServiceProvider.java:157)
	at java.base/java.util.spi.LocaleServiceProvider.<init>(LocaleServiceProvider.java:171)
	at java.base/java.text.spi.NumberFormatProvider.<init>(NumberFormatProvider.java:45)
	at java.base/sun.util.locale.provider.NumberFormatProviderImpl.<init>(NumberFormatProviderImpl.java:70)
	at java.base/sun.util.locale.provider.JRELocaleProviderAdapter.lambda$getNumberFormatProvider$5(JRELocaleProviderAdapter.java:239)
	at java.base/java.security.AccessController.doPrivileged(Native Method)
	at java.base/sun.util.locale.provider.JRELocaleProviderAdapter.getNumberFormatProvider(JRELocaleProviderAdapter.java:235)
	at java.base/sun.util.locale.provider.JRELocaleProviderAdapter.getLocaleServiceProvider(JRELocaleProviderAdapter.java:103)
	at java.base/sun.util.locale.provider.LocaleProviderAdapter.findAdapter(LocaleProviderAdapter.java:281)
	at java.base/sun.util.locale.provider.LocaleProviderAdapter.getAdapter(LocaleProviderAdapter.java:250)
	at java.base/java.text.NumberFormat.getInstance(NumberFormat.java:905)
	at java.base/java.text.NumberFormat.getNumberInstance(NumberFormat.java:515)
	at java.base/java.util.Scanner.useLocale(Scanner.java:1270)
	at java.base/java.util.Scanner.<init>(Scanner.java:543)
	at java.base/java.util.Scanner.<init>(Scanner.java:566)
	at main.java.view.Menu.getLoc(Menu.java:432)
	at main.java.view.Menu.newRegisterUserAux(Menu.java:312)
	at main.java.view.Menu_ESTest.test68(Menu_ESTest.java:1060)
	at java.base/jdk.internal.reflect.NativeMethodAccessorImpl.invoke0(Native Method)
	at java.base/jdk.internal.reflect.NativeMethodAccessorImpl.invoke(NativeMethodAccessorImpl.java:62)
	at java.base/jdk.internal.reflect.DelegatingMethodAccessorImpl.invoke(DelegatingMethodAccessorImpl.java:43)
	at java.base/java.lang.reflect.Method.invoke(Method.java:566)
	at org.junit.runners.model.FrameworkMethod$1.runReflectiveCall(FrameworkMethod.java:47)
	at org.junit.internal.runners.model.ReflectiveCallable.run(ReflectiveCallable.java:12)
	at org.junit.runners.model.FrameworkMethod.invokeExplosively(FrameworkMethod.java:44)
	at org.junit.internal.runners.statements.InvokeMethod.evaluate(InvokeMethod.java:17)
	at org.junit.internal.runners.statements.FailOnTimeout$StatementThread.run(FailOnTimeout.java:74)

test25(main.java.view.Menu_ESTest)  Time elapsed: 0.015 sec  <<< ERROR!
java.lang.SecurityException: Security manager blocks ("java.lang.RuntimePermission" "localeServiceProvider")
java.base/java.lang.Thread.getStackTrace(Thread.java:1606)
org.evosuite.runtime.sandbox.MSecurityManager.checkPermission(MSecurityManager.java:434)
java.base/java.util.spi.LocaleServiceProvider.checkPermission(LocaleServiceProvider.java:157)
java.base/java.util.spi.LocaleServiceProvider.<init>(LocaleServiceProvider.java:171)
java.base/java.text.spi.NumberFormatProvider.<init>(NumberFormatProvider.java:45)
java.base/sun.util.locale.provider.NumberFormatProviderImpl.<init>(NumberFormatProviderImpl.java:70)
java.base/sun.util.locale.provider.JRELocaleProviderAdapter.lambda$getNumberFormatProvider$5(JRELocaleProviderAdapter.java:239)
java.base/java.security.AccessController.doPrivileged(Native Method)
java.base/sun.util.locale.provider.JRELocaleProviderAdapter.getNumberFormatProvider(JRELocaleProviderAdapter.java:235)
java.base/sun.util.locale.provider.JRELocaleProviderAdapter.getLocaleServiceProvider(JRELocaleProviderAdapter.java:103)
java.base/sun.util.locale.provider.LocaleProviderAdapter.findAdapter(LocaleProviderAdapter.java:281)
java.base/sun.util.locale.provider.LocaleProviderAdapter.getAdapter(LocaleProviderAdapter.java:250)
java.base/java.text.NumberFormat.getInstance(NumberFormat.java:905)
java.base/java.text.NumberFormat.getNumberInstance(NumberFormat.java:515)
java.base/java.util.Scanner.useLocale(Scanner.java:1270)
java.base/java.util.Scanner.<init>(Scanner.java:543)
java.base/java.util.Scanner.<init>(Scanner.java:566)
main.java.view.Menu.reviewRentShow(Menu.java:171)
main.java.view.Menu_ESTest.test25(Menu_ESTest.java:373)
java.base/jdk.internal.reflect.NativeMethodAccessorImpl.invoke0(Native Method)
java.base/jdk.internal.reflect.NativeMethodAccessorImpl.invoke(NativeMethodAccessorImpl.java:62)
java.base/jdk.internal.reflect.DelegatingMethodAccessorImpl.invoke(DelegatingMethodAccessorImpl.java:43)
java.base/java.lang.reflect.Method.invoke(Method.java:566)
org.junit.runners.model.FrameworkMethod$1.runReflectiveCall(FrameworkMethod.java:47)
org.junit.internal.runners.model.ReflectiveCallable.run(ReflectiveCallable.java:12)
org.junit.runners.model.FrameworkMethod.invokeExplosively(FrameworkMethod.java:44)
org.junit.internal.runners.statements.InvokeMethod.evaluate(InvokeMethod.java:17)
org.junit.internal.runners.statements.FailOnTimeout$StatementThread.run(FailOnTimeout.java:74)

	at org.evosuite.runtime.sandbox.MSecurityManager.checkPermission(MSecurityManager.java:452)
	at java.base/java.util.spi.LocaleServiceProvider.checkPermission(LocaleServiceProvider.java:157)
	at java.base/java.util.spi.LocaleServiceProvider.<init>(LocaleServiceProvider.java:171)
	at java.base/java.text.spi.NumberFormatProvider.<init>(NumberFormatProvider.java:45)
	at java.base/sun.util.locale.provider.NumberFormatProviderImpl.<init>(NumberFormatProviderImpl.java:70)
	at java.base/sun.util.locale.provider.JRELocaleProviderAdapter.lambda$getNumberFormatProvider$5(JRELocaleProviderAdapter.java:239)
	at java.base/java.security.AccessController.doPrivileged(Native Method)
	at java.base/sun.util.locale.provider.JRELocaleProviderAdapter.getNumberFormatProvider(JRELocaleProviderAdapter.java:235)
	at java.base/sun.util.locale.provider.JRELocaleProviderAdapter.getLocaleServiceProvider(JRELocaleProviderAdapter.java:103)
	at java.base/sun.util.locale.provider.LocaleProviderAdapter.findAdapter(LocaleProviderAdapter.java:281)
	at java.base/sun.util.locale.provider.LocaleProviderAdapter.getAdapter(LocaleProviderAdapter.java:250)
	at java.base/java.text.NumberFormat.getInstance(NumberFormat.java:905)
	at java.base/java.text.NumberFormat.getNumberInstance(NumberFormat.java:515)
	at java.base/java.util.Scanner.useLocale(Scanner.java:1270)
	at java.base/java.util.Scanner.<init>(Scanner.java:543)
	at java.base/java.util.Scanner.<init>(Scanner.java:566)
	at main.java.view.Menu.reviewRentShow(Menu.java:171)
	at main.java.view.Menu_ESTest.test25(Menu_ESTest.java:373)
	at java.base/jdk.internal.reflect.NativeMethodAccessorImpl.invoke0(Native Method)
	at java.base/jdk.internal.reflect.NativeMethodAccessorImpl.invoke(NativeMethodAccessorImpl.java:62)
	at java.base/jdk.internal.reflect.DelegatingMethodAccessorImpl.invoke(DelegatingMethodAccessorImpl.java:43)
	at java.base/java.lang.reflect.Method.invoke(Method.java:566)
	at org.junit.runners.model.FrameworkMethod$1.runReflectiveCall(FrameworkMethod.java:47)
	at org.junit.internal.runners.model.ReflectiveCallable.run(ReflectiveCallable.java:12)
	at org.junit.runners.model.FrameworkMethod.invokeExplosively(FrameworkMethod.java:44)
	at org.junit.internal.runners.statements.InvokeMethod.evaluate(InvokeMethod.java:17)
	at org.junit.internal.runners.statements.FailOnTimeout$StatementThread.run(FailOnTimeout.java:74)

test26(main.java.view.Menu_ESTest)  Time elapsed: 0.018 sec  <<< ERROR!
java.lang.NoClassDefFoundError: Could not initialize class java.util.logging.LogRecord$CallerFinder
	at java.logging/java.util.logging.LogRecord.inferCaller(LogRecord.java:683)
	at java.logging/java.util.logging.LogRecord.getSourceClassName(LogRecord.java:352)
	at java.logging/java.util.logging.SimpleFormatter.format(SimpleFormatter.java:160)
	at java.logging/java.util.logging.StreamHandler.publish(StreamHandler.java:199)
	at java.logging/java.util.logging.ConsoleHandler.publish(ConsoleHandler.java:95)
	at java.logging/java.util.logging.Logger.log(Logger.java:979)
	at java.logging/java.util.logging.Logger.doLog(Logger.java:1006)
	at java.logging/java.util.logging.Logger.log(Logger.java:1029)
	at java.logging/java.util.logging.Logger.info(Logger.java:1802)
	at main.java.view.Menu.displayMenuHeader(Menu.java:413)
	at main.java.view.Menu.rentalHistoryShow(Menu.java:119)
	at main.java.view.Menu_ESTest.test26(Menu_ESTest.java:394)
	at java.base/jdk.internal.reflect.NativeMethodAccessorImpl.invoke0(Native Method)
	at java.base/jdk.internal.reflect.NativeMethodAccessorImpl.invoke(NativeMethodAccessorImpl.java:62)
	at java.base/jdk.internal.reflect.DelegatingMethodAccessorImpl.invoke(DelegatingMethodAccessorImpl.java:43)
	at java.base/java.lang.reflect.Method.invoke(Method.java:566)
	at org.junit.runners.model.FrameworkMethod$1.runReflectiveCall(FrameworkMethod.java:47)
	at org.junit.internal.runners.model.ReflectiveCallable.run(ReflectiveCallable.java:12)
	at org.junit.runners.model.FrameworkMethod.invokeExplosively(FrameworkMethod.java:44)
	at org.junit.internal.runners.statements.InvokeMethod.evaluate(InvokeMethod.java:17)
	at org.junit.internal.runners.statements.FailOnTimeout$StatementThread.run(FailOnTimeout.java:74)

test27(main.java.view.Menu_ESTest)  Time elapsed: 0.005 sec  <<< ERROR!
java.lang.NoClassDefFoundError: Could not initialize class java.util.logging.LogRecord$CallerFinder
	at java.logging/java.util.logging.LogRecord.inferCaller(LogRecord.java:683)
	at java.logging/java.util.logging.LogRecord.getSourceClassName(LogRecord.java:352)
	at java.logging/java.util.logging.SimpleFormatter.format(SimpleFormatter.java:160)
	at java.logging/java.util.logging.StreamHandler.publish(StreamHandler.java:199)
	at java.logging/java.util.logging.ConsoleHandler.publish(ConsoleHandler.java:95)
	at java.logging/java.util.logging.Logger.log(Logger.java:979)
	at java.logging/java.util.logging.Logger.doLog(Logger.java:1006)
	at java.logging/java.util.logging.Logger.log(Logger.java:1029)
	at java.logging/java.util.logging.Logger.info(Logger.java:1802)
	at main.java.view.Menu.displayMenuHeader(Menu.java:413)
	at main.java.view.Menu.rentalHistoryShow(Menu.java:119)
	at main.java.view.Menu_ESTest.test27(Menu_ESTest.java:416)
	at java.base/jdk.internal.reflect.NativeMethodAccessorImpl.invoke0(Native Method)
	at java.base/jdk.internal.reflect.NativeMethodAccessorImpl.invoke(NativeMethodAccessorImpl.java:62)
	at java.base/jdk.internal.reflect.DelegatingMethodAccessorImpl.invoke(DelegatingMethodAccessorImpl.java:43)
	at java.base/java.lang.reflect.Method.invoke(Method.java:566)
	at org.junit.runners.model.FrameworkMethod$1.runReflectiveCall(FrameworkMethod.java:47)
	at org.junit.internal.runners.model.ReflectiveCallable.run(ReflectiveCallable.java:12)
	at org.junit.runners.model.FrameworkMethod.invokeExplosively(FrameworkMethod.java:44)
	at org.junit.internal.runners.statements.InvokeMethod.evaluate(InvokeMethod.java:17)
	at org.junit.internal.runners.statements.FailOnTimeout$StatementThread.run(FailOnTimeout.java:74)

test28(main.java.view.Menu_ESTest)  Time elapsed: 0.008 sec  <<< FAILURE!
java.lang.AssertionError: Exception was not thrown in main.java.view.Menu but in org.evosuite.runtime.sandbox.MSecurityManager.checkPermission(MSecurityManager.java:452): java.lang.SecurityException: Security manager blocks ("java.lang.RuntimePermission" "localeServiceProvider")
java.base/java.lang.Thread.getStackTrace(Thread.java:1606)
org.evosuite.runtime.sandbox.MSecurityManager.checkPermission(MSecurityManager.java:434)
java.base/java.util.spi.LocaleServiceProvider.checkPermission(LocaleServiceProvider.java:157)
java.base/java.util.spi.LocaleServiceProvider.<init>(LocaleServiceProvider.java:171)
java.base/java.text.spi.NumberFormatProvider.<init>(NumberFormatProvider.java:45)
java.base/sun.util.locale.provider.NumberFormatProviderImpl.<init>(NumberFormatProviderImpl.java:70)
java.base/sun.util.locale.provider.JRELocaleProviderAdapter.lambda$getNumberFormatProvider$5(JRELocaleProviderAdapter.java:239)
java.base/java.security.AccessController.doPrivileged(Native Method)
java.base/sun.util.locale.provider.JRELocaleProviderAdapter.getNumberFormatProvider(JRELocaleProviderAdapter.java:235)
java.base/sun.util.locale.provider.JRELocaleProviderAdapter.getLocaleServiceProvider(JRELocaleProviderAdapter.java:103)
java.base/sun.util.locale.provider.LocaleProviderAdapter.findAdapter(LocaleProviderAdapter.java:281)
java.base/sun.util.locale.provider.LocaleProviderAdapter.getAdapter(LocaleProviderAdapter.java:250)
java.base/java.text.NumberFormat.getInstance(NumberFormat.java:905)
java.base/java.text.NumberFormat.getNumberInstance(NumberFormat.java:515)
java.base/java.util.Scanner.useLocale(Scanner.java:1270)
java.base/java.util.Scanner.<init>(Scanner.java:543)
java.base/java.util.Scanner.<init>(Scanner.java:566)
main.java.view.Menu.pendingRateShow(Menu.java:374)
main.java.view.Menu_ESTest.test28(Menu_ESTest.java:432)
java.base/jdk.internal.reflect.NativeMethodAccessorImpl.invoke0(Native Method)
java.base/jdk.internal.reflect.NativeMethodAccessorImpl.invoke(NativeMethodAccessorImpl.java:62)
java.base/jdk.internal.reflect.DelegatingMethodAccessorImpl.invoke(DelegatingMethodAccessorImpl.java:43)
java.base/java.lang.reflect.Method.invoke(Method.java:566)
org.junit.runners.model.FrameworkMethod$1.runReflectiveCall(FrameworkMethod.java:47)
org.junit.internal.runners.model.ReflectiveCallable.run(ReflectiveCallable.java:12)
org.junit.runners.model.FrameworkMethod.invokeExplosively(FrameworkMethod.java:44)
org.junit.internal.runners.statements.InvokeMethod.evaluate(InvokeMethod.java:17)
org.junit.internal.runners.statements.FailOnTimeout$StatementThread.run(FailOnTimeout.java:74)

	at org.evosuite.runtime.EvoAssertions.assertThrownBy(EvoAssertions.java:112)
	at org.evosuite.runtime.EvoAssertions.verifyException(EvoAssertions.java:49)
	at main.java.view.Menu_ESTest.test28(Menu_ESTest.java:439)
	at java.base/jdk.internal.reflect.NativeMethodAccessorImpl.invoke0(Native Method)
	at java.base/jdk.internal.reflect.NativeMethodAccessorImpl.invoke(NativeMethodAccessorImpl.java:62)
	at java.base/jdk.internal.reflect.DelegatingMethodAccessorImpl.invoke(DelegatingMethodAccessorImpl.java:43)
	at java.base/java.lang.reflect.Method.invoke(Method.java:566)
	at org.junit.runners.model.FrameworkMethod$1.runReflectiveCall(FrameworkMethod.java:47)
	at org.junit.internal.runners.model.ReflectiveCallable.run(ReflectiveCallable.java:12)
	at org.junit.runners.model.FrameworkMethod.invokeExplosively(FrameworkMethod.java:44)
	at org.junit.internal.runners.statements.InvokeMethod.evaluate(InvokeMethod.java:17)
	at org.junit.internal.runners.statements.FailOnTimeout$StatementThread.run(FailOnTimeout.java:74)

test29(main.java.view.Menu_ESTest)  Time elapsed: 0.007 sec  <<< FAILURE!
java.lang.AssertionError: Exception was not thrown in main.java.view.Menu but in org.evosuite.runtime.sandbox.MSecurityManager.checkPermission(MSecurityManager.java:452): java.lang.SecurityException: Security manager blocks ("java.lang.RuntimePermission" "localeServiceProvider")
java.base/java.lang.Thread.getStackTrace(Thread.java:1606)
org.evosuite.runtime.sandbox.MSecurityManager.checkPermission(MSecurityManager.java:434)
java.base/java.util.spi.LocaleServiceProvider.checkPermission(LocaleServiceProvider.java:157)
java.base/java.util.spi.LocaleServiceProvider.<init>(LocaleServiceProvider.java:171)
java.base/java.text.spi.NumberFormatProvider.<init>(NumberFormatProvider.java:45)
java.base/sun.util.locale.provider.NumberFormatProviderImpl.<init>(NumberFormatProviderImpl.java:70)
java.base/sun.util.locale.provider.JRELocaleProviderAdapter.lambda$getNumberFormatProvider$5(JRELocaleProviderAdapter.java:239)
java.base/java.security.AccessController.doPrivileged(Native Method)
java.base/sun.util.locale.provider.JRELocaleProviderAdapter.getNumberFormatProvider(JRELocaleProviderAdapter.java:235)
java.base/sun.util.locale.provider.JRELocaleProviderAdapter.getLocaleServiceProvider(JRELocaleProviderAdapter.java:103)
java.base/sun.util.locale.provider.LocaleProviderAdapter.findAdapter(LocaleProviderAdapter.java:281)
java.base/sun.util.locale.provider.LocaleProviderAdapter.getAdapter(LocaleProviderAdapter.java:250)
java.base/java.text.NumberFormat.getInstance(NumberFormat.java:905)
java.base/java.text.NumberFormat.getNumberInstance(NumberFormat.java:515)
java.base/java.util.Scanner.useLocale(Scanner.java:1270)
java.base/java.util.Scanner.<init>(Scanner.java:543)
java.base/java.util.Scanner.<init>(Scanner.java:566)
main.java.view.Menu.getLoc(Menu.java:432)
main.java.view.Menu.newRegisterUserAux(Menu.java:312)
main.java.view.Menu_ESTest.test29(Menu_ESTest.java:448)
java.base/jdk.internal.reflect.NativeMethodAccessorImpl.invoke0(Native Method)
java.base/jdk.internal.reflect.NativeMethodAccessorImpl.invoke(NativeMethodAccessorImpl.java:62)
java.base/jdk.internal.reflect.DelegatingMethodAccessorImpl.invoke(DelegatingMethodAccessorImpl.java:43)
java.base/java.lang.reflect.Method.invoke(Method.java:566)
org.junit.runners.model.FrameworkMethod$1.runReflectiveCall(FrameworkMethod.java:47)
org.junit.internal.runners.model.ReflectiveCallable.run(ReflectiveCallable.java:12)
org.junit.runners.model.FrameworkMethod.invokeExplosively(FrameworkMethod.java:44)
org.junit.internal.runners.statements.InvokeMethod.evaluate(InvokeMethod.java:17)
org.junit.internal.runners.statements.FailOnTimeout$StatementThread.run(FailOnTimeout.java:74)

	at org.evosuite.runtime.EvoAssertions.assertThrownBy(EvoAssertions.java:112)
	at org.evosuite.runtime.EvoAssertions.verifyException(EvoAssertions.java:49)
	at main.java.view.Menu_ESTest.test29(Menu_ESTest.java:455)
	at java.base/jdk.internal.reflect.NativeMethodAccessorImpl.invoke0(Native Method)
	at java.base/jdk.internal.reflect.NativeMethodAccessorImpl.invoke(NativeMethodAccessorImpl.java:62)
	at java.base/jdk.internal.reflect.DelegatingMethodAccessorImpl.invoke(DelegatingMethodAccessorImpl.java:43)
	at java.base/java.lang.reflect.Method.invoke(Method.java:566)
	at org.junit.runners.model.FrameworkMethod$1.runReflectiveCall(FrameworkMethod.java:47)
	at org.junit.internal.runners.model.ReflectiveCallable.run(ReflectiveCallable.java:12)
	at org.junit.runners.model.FrameworkMethod.invokeExplosively(FrameworkMethod.java:44)
	at org.junit.internal.runners.statements.InvokeMethod.evaluate(InvokeMethod.java:17)
	at org.junit.internal.runners.statements.FailOnTimeout$StatementThread.run(FailOnTimeout.java:74)

test30(main.java.view.Menu_ESTest)  Time elapsed: 0.005 sec  <<< ERROR!
java.lang.NoClassDefFoundError: Could not initialize class java.util.logging.LogRecord$CallerFinder
	at java.logging/java.util.logging.LogRecord.inferCaller(LogRecord.java:683)
	at java.logging/java.util.logging.LogRecord.getSourceClassName(LogRecord.java:352)
	at java.logging/java.util.logging.SimpleFormatter.format(SimpleFormatter.java:160)
	at java.logging/java.util.logging.StreamHandler.publish(StreamHandler.java:199)
	at java.logging/java.util.logging.ConsoleHandler.publish(ConsoleHandler.java:95)
	at java.logging/java.util.logging.Logger.log(Logger.java:979)
	at java.logging/java.util.logging.Logger.doLog(Logger.java:1006)
	at java.logging/java.util.logging.Logger.log(Logger.java:1029)
	at java.logging/java.util.logging.Logger.info(Logger.java:1802)
	at main.java.view.Menu.displayMenuHeader(Menu.java:413)
	at main.java.view.Menu.newRegisterUser(Menu.java:280)
	at main.java.view.Menu_ESTest.test30(Menu_ESTest.java:468)
	at java.base/jdk.internal.reflect.NativeMethodAccessorImpl.invoke0(Native Method)
	at java.base/jdk.internal.reflect.NativeMethodAccessorImpl.invoke(NativeMethodAccessorImpl.java:62)
	at java.base/jdk.internal.reflect.DelegatingMethodAccessorImpl.invoke(DelegatingMethodAccessorImpl.java:43)
	at java.base/java.lang.reflect.Method.invoke(Method.java:566)
	at org.junit.runners.model.FrameworkMethod$1.runReflectiveCall(FrameworkMethod.java:47)
	at org.junit.internal.runners.model.ReflectiveCallable.run(ReflectiveCallable.java:12)
	at org.junit.runners.model.FrameworkMethod.invokeExplosively(FrameworkMethod.java:44)
	at org.junit.internal.runners.statements.InvokeMethod.evaluate(InvokeMethod.java:17)
	at org.junit.internal.runners.statements.FailOnTimeout$StatementThread.run(FailOnTimeout.java:74)

test31(main.java.view.Menu_ESTest)  Time elapsed: 0.007 sec  <<< ERROR!
java.lang.NoClassDefFoundError: Could not initialize class java.util.logging.LogRecord$CallerFinder
	at java.logging/java.util.logging.LogRecord.inferCaller(LogRecord.java:683)
	at java.logging/java.util.logging.LogRecord.getSourceClassName(LogRecord.java:352)
	at java.logging/java.util.logging.SimpleFormatter.format(SimpleFormatter.java:160)
	at java.logging/java.util.logging.StreamHandler.publish(StreamHandler.java:199)
	at java.logging/java.util.logging.ConsoleHandler.publish(ConsoleHandler.java:95)
	at java.logging/java.util.logging.Logger.log(Logger.java:979)
	at java.logging/java.util.logging.Logger.doLog(Logger.java:1006)
	at java.logging/java.util.logging.Logger.log(Logger.java:1029)
	at java.logging/java.util.logging.Logger.info(Logger.java:1802)
	at main.java.view.Menu.displayMenuHeader(Menu.java:413)
	at main.java.view.Menu.newRegisterUser(Menu.java:280)
	at main.java.view.Menu_ESTest.test31(Menu_ESTest.java:484)
	at java.base/jdk.internal.reflect.NativeMethodAccessorImpl.invoke0(Native Method)
	at java.base/jdk.internal.reflect.NativeMethodAccessorImpl.invoke(NativeMethodAccessorImpl.java:62)
	at java.base/jdk.internal.reflect.DelegatingMethodAccessorImpl.invoke(DelegatingMethodAccessorImpl.java:43)
	at java.base/java.lang.reflect.Method.invoke(Method.java:566)
	at org.junit.runners.model.FrameworkMethod$1.runReflectiveCall(FrameworkMethod.java:47)
	at org.junit.internal.runners.model.ReflectiveCallable.run(ReflectiveCallable.java:12)
	at org.junit.runners.model.FrameworkMethod.invokeExplosively(FrameworkMethod.java:44)
	at org.junit.internal.runners.statements.InvokeMethod.evaluate(InvokeMethod.java:17)
	at org.junit.internal.runners.statements.FailOnTimeout$StatementThread.run(FailOnTimeout.java:74)

test32(main.java.view.Menu_ESTest)  Time elapsed: 0.004 sec  <<< ERROR!
java.lang.NoClassDefFoundError: Could not initialize class java.util.logging.LogRecord$CallerFinder
	at java.logging/java.util.logging.LogRecord.inferCaller(LogRecord.java:683)
	at java.logging/java.util.logging.LogRecord.getSourceClassName(LogRecord.java:352)
	at java.logging/java.util.logging.SimpleFormatter.format(SimpleFormatter.java:160)
	at java.logging/java.util.logging.StreamHandler.publish(StreamHandler.java:199)
	at java.logging/java.util.logging.ConsoleHandler.publish(ConsoleHandler.java:95)
	at java.logging/java.util.logging.Logger.log(Logger.java:979)
	at java.logging/java.util.logging.Logger.doLog(Logger.java:1006)
	at java.logging/java.util.logging.Logger.log(Logger.java:1029)
	at java.logging/java.util.logging.Logger.info(Logger.java:1802)
	at main.java.view.Menu.displayMenuHeader(Menu.java:413)
	at main.java.view.Menu.newRegisterCar(Menu.java:245)
	at main.java.view.Menu_ESTest.test32(Menu_ESTest.java:500)
	at java.base/jdk.internal.reflect.NativeMethodAccessorImpl.invoke0(Native Method)
	at java.base/jdk.internal.reflect.NativeMethodAccessorImpl.invoke(NativeMethodAccessorImpl.java:62)
	at java.base/jdk.internal.reflect.DelegatingMethodAccessorImpl.invoke(DelegatingMethodAccessorImpl.java:43)
	at java.base/java.lang.reflect.Method.invoke(Method.java:566)
	at org.junit.runners.model.FrameworkMethod$1.runReflectiveCall(FrameworkMethod.java:47)
	at org.junit.internal.runners.model.ReflectiveCallable.run(ReflectiveCallable.java:12)
	at org.junit.runners.model.FrameworkMethod.invokeExplosively(FrameworkMethod.java:44)
	at org.junit.internal.runners.statements.InvokeMethod.evaluate(InvokeMethod.java:17)
	at org.junit.internal.runners.statements.FailOnTimeout$StatementThread.run(FailOnTimeout.java:74)

test33(main.java.view.Menu_ESTest)  Time elapsed: 0.006 sec  <<< FAILURE!
java.lang.AssertionError: Exception was not thrown in main.java.view.Menu but in org.evosuite.runtime.sandbox.MSecurityManager.checkPermission(MSecurityManager.java:452): java.lang.SecurityException: Security manager blocks ("java.lang.RuntimePermission" "localeServiceProvider")
java.base/java.lang.Thread.getStackTrace(Thread.java:1606)
org.evosuite.runtime.sandbox.MSecurityManager.checkPermission(MSecurityManager.java:434)
java.base/java.util.spi.LocaleServiceProvider.checkPermission(LocaleServiceProvider.java:157)
java.base/java.util.spi.LocaleServiceProvider.<init>(LocaleServiceProvider.java:171)
java.base/java.text.spi.NumberFormatProvider.<init>(NumberFormatProvider.java:45)
java.base/sun.util.locale.provider.NumberFormatProviderImpl.<init>(NumberFormatProviderImpl.java:70)
java.base/sun.util.locale.provider.JRELocaleProviderAdapter.lambda$getNumberFormatProvider$5(JRELocaleProviderAdapter.java:239)
java.base/java.security.AccessController.doPrivileged(Native Method)
java.base/sun.util.locale.provider.JRELocaleProviderAdapter.getNumberFormatProvider(JRELocaleProviderAdapter.java:235)
java.base/sun.util.locale.provider.JRELocaleProviderAdapter.getLocaleServiceProvider(JRELocaleProviderAdapter.java:103)
java.base/sun.util.locale.provider.LocaleProviderAdapter.findAdapter(LocaleProviderAdapter.java:281)
java.base/sun.util.locale.provider.LocaleProviderAdapter.getAdapter(LocaleProviderAdapter.java:250)
java.base/java.text.NumberFormat.getInstance(NumberFormat.java:905)
java.base/java.text.NumberFormat.getNumberInstance(NumberFormat.java:515)
java.base/java.util.Scanner.useLocale(Scanner.java:1270)
java.base/java.util.Scanner.<init>(Scanner.java:543)
java.base/java.util.Scanner.<init>(Scanner.java:566)
main.java.view.Menu.getTimeInterval(Menu.java:353)
main.java.view.Menu_ESTest.test33(Menu_ESTest.java:516)
java.base/jdk.internal.reflect.NativeMethodAccessorImpl.invoke0(Native Method)
java.base/jdk.internal.reflect.NativeMethodAccessorImpl.invoke(NativeMethodAccessorImpl.java:62)
java.base/jdk.internal.reflect.DelegatingMethodAccessorImpl.invoke(DelegatingMethodAccessorImpl.java:43)
java.base/java.lang.reflect.Method.invoke(Method.java:566)
org.junit.runners.model.FrameworkMethod$1.runReflectiveCall(FrameworkMethod.java:47)
org.junit.internal.runners.model.ReflectiveCallable.run(ReflectiveCallable.java:12)
org.junit.runners.model.FrameworkMethod.invokeExplosively(FrameworkMethod.java:44)
org.junit.internal.runners.statements.InvokeMethod.evaluate(InvokeMethod.java:17)
org.junit.internal.runners.statements.FailOnTimeout$StatementThread.run(FailOnTimeout.java:74)

	at org.evosuite.runtime.EvoAssertions.assertThrownBy(EvoAssertions.java:112)
	at org.evosuite.runtime.EvoAssertions.verifyException(EvoAssertions.java:49)
	at main.java.view.Menu_ESTest.test33(Menu_ESTest.java:523)
[...]
	at java.logging/java.util.logging.Logger.info(Logger.java:1802)
	at main.java.view.Menu.displayMenuHeader(Menu.java:413)
	at main.java.view.Menu.rentalHistoryShow(Menu.java:119)
	at main.java.view.Menu_ESTest.test58(Menu_ESTest.java:909)
	at java.base/jdk.internal.reflect.NativeMethodAccessorImpl.invoke0(Native Method)
	at java.base/jdk.internal.reflect.NativeMethodAccessorImpl.invoke(NativeMethodAccessorImpl.java:62)
	at java.base/jdk.internal.reflect.DelegatingMethodAccessorImpl.invoke(DelegatingMethodAccessorImpl.java:43)
	at java.base/java.lang.reflect.Method.invoke(Method.java:566)
	at org.junit.runners.model.FrameworkMethod$1.runReflectiveCall(FrameworkMethod.java:47)
	at org.junit.internal.runners.model.ReflectiveCallable.run(ReflectiveCallable.java:12)
	at org.junit.runners.model.FrameworkMethod.invokeExplosively(FrameworkMethod.java:44)
	at org.junit.internal.runners.statements.InvokeMethod.evaluate(InvokeMethod.java:17)
	at org.junit.internal.runners.statements.FailOnTimeout$StatementThread.run(FailOnTimeout.java:74)

test15(main.java.view.Menu_ESTest)  Time elapsed: 0.008 sec  <<< ERROR!
java.lang.SecurityException: Security manager blocks ("java.lang.RuntimePermission" "localeServiceProvider")
java.base/java.lang.Thread.getStackTrace(Thread.java:1606)
org.evosuite.runtime.sandbox.MSecurityManager.checkPermission(MSecurityManager.java:434)
java.base/java.util.spi.LocaleServiceProvider.checkPermission(LocaleServiceProvider.java:157)
java.base/java.util.spi.LocaleServiceProvider.<init>(LocaleServiceProvider.java:171)
java.base/java.text.spi.NumberFormatProvider.<init>(NumberFormatProvider.java:45)
java.base/sun.util.locale.provider.NumberFormatProviderImpl.<init>(NumberFormatProviderImpl.java:70)
java.base/sun.util.locale.provider.JRELocaleProviderAdapter.lambda$getNumberFormatProvider$5(JRELocaleProviderAdapter.java:239)
java.base/java.security.AccessController.doPrivileged(Native Method)
java.base/sun.util.locale.provider.JRELocaleProviderAdapter.getNumberFormatProvider(JRELocaleProviderAdapter.java:235)
java.base/sun.util.locale.provider.JRELocaleProviderAdapter.getLocaleServiceProvider(JRELocaleProviderAdapter.java:103)
java.base/sun.util.locale.provider.LocaleProviderAdapter.findAdapter(LocaleProviderAdapter.java:281)
java.base/sun.util.locale.provider.LocaleProviderAdapter.getAdapter(LocaleProviderAdapter.java:250)
java.base/java.text.NumberFormat.getInstance(NumberFormat.java:905)
java.base/java.text.NumberFormat.getNumberInstance(NumberFormat.java:515)
java.base/java.util.Scanner.useLocale(Scanner.java:1270)
java.base/java.util.Scanner.<init>(Scanner.java:543)
java.base/java.util.Scanner.<init>(Scanner.java:566)
main.java.view.Menu.newLogin(Menu.java:234)
main.java.view.Menu_ESTest.test15(Menu_ESTest.java:220)
java.base/jdk.internal.reflect.NativeMethodAccessorImpl.invoke0(Native Method)
java.base/jdk.internal.reflect.NativeMethodAccessorImpl.invoke(NativeMethodAccessorImpl.java:62)
java.base/jdk.internal.reflect.DelegatingMethodAccessorImpl.invoke(DelegatingMethodAccessorImpl.java:43)
java.base/java.lang.reflect.Method.invoke(Method.java:566)
org.junit.runners.model.FrameworkMethod$1.runReflectiveCall(FrameworkMethod.java:47)
org.junit.internal.runners.model.ReflectiveCallable.run(ReflectiveCallable.java:12)
org.junit.runners.model.FrameworkMethod.invokeExplosively(FrameworkMethod.java:44)
org.junit.internal.runners.statements.InvokeMethod.evaluate(InvokeMethod.java:17)
org.junit.internal.runners.statements.FailOnTimeout$StatementThread.run(FailOnTimeout.java:74)

	at org.evosuite.runtime.sandbox.MSecurityManager.checkPermission(MSecurityManager.java:452)
	at java.base/java.util.spi.LocaleServiceProvider.checkPermission(LocaleServiceProvider.java:157)
	at java.base/java.util.spi.LocaleServiceProvider.<init>(LocaleServiceProvider.java:171)
	at java.base/java.text.spi.NumberFormatProvider.<init>(NumberFormatProvider.java:45)
	at java.base/sun.util.locale.provider.NumberFormatProviderImpl.<init>(NumberFormatProviderImpl.java:70)
	at java.base/sun.util.locale.provider.JRELocaleProviderAdapter.lambda$getNumberFormatProvider$5(JRELocaleProviderAdapter.java:239)
	at java.base/java.security.AccessController.doPrivileged(Native Method)
	at java.base/sun.util.locale.provider.JRELocaleProviderAdapter.getNumberFormatProvider(JRELocaleProviderAdapter.java:235)
	at java.base/sun.util.locale.provider.JRELocaleProviderAdapter.getLocaleServiceProvider(JRELocaleProviderAdapter.java:103)
	at java.base/sun.util.locale.provider.LocaleProviderAdapter.findAdapter(LocaleProviderAdapter.java:281)
	at java.base/sun.util.locale.provider.LocaleProviderAdapter.getAdapter(LocaleProviderAdapter.java:250)
	at java.base/java.text.NumberFormat.getInstance(NumberFormat.java:905)
	at java.base/java.text.NumberFormat.getNumberInstance(NumberFormat.java:515)
	at java.base/java.util.Scanner.useLocale(Scanner.java:1270)
	at java.base/java.util.Scanner.<init>(Scanner.java:543)
	at java.base/java.util.Scanner.<init>(Scanner.java:566)
	at main.java.view.Menu.newLogin(Menu.java:234)
	at main.java.view.Menu_ESTest.test15(Menu_ESTest.java:220)
	at java.base/jdk.internal.reflect.NativeMethodAccessorImpl.invoke0(Native Method)
	at java.base/jdk.internal.reflect.NativeMethodAccessorImpl.invoke(NativeMethodAccessorImpl.java:62)
	at java.base/jdk.internal.reflect.DelegatingMethodAccessorImpl.invoke(DelegatingMethodAccessorImpl.java:43)
	at java.base/java.lang.reflect.Method.invoke(Method.java:566)
	at org.junit.runners.model.FrameworkMethod$1.runReflectiveCall(FrameworkMethod.java:47)
	at org.junit.internal.runners.model.ReflectiveCallable.run(ReflectiveCallable.java:12)
	at org.junit.runners.model.FrameworkMethod.invokeExplosively(FrameworkMethod.java:44)
	at org.junit.internal.runners.statements.InvokeMethod.evaluate(InvokeMethod.java:17)
	at org.junit.internal.runners.statements.FailOnTimeout$StatementThread.run(FailOnTimeout.java:74)

test59(main.java.view.Menu_ESTest)  Time elapsed: 0.007 sec  <<< ERROR!
java.lang.SecurityException: Security manager blocks ("java.lang.RuntimePermission" "localeServiceProvider")
java.base/java.lang.Thread.getStackTrace(Thread.java:1606)
org.evosuite.runtime.sandbox.MSecurityManager.checkPermission(MSecurityManager.java:434)
java.base/java.util.spi.LocaleServiceProvider.checkPermission(LocaleServiceProvider.java:157)
java.base/java.util.spi.LocaleServiceProvider.<init>(LocaleServiceProvider.java:171)
java.base/java.text.spi.NumberFormatProvider.<init>(NumberFormatProvider.java:45)
java.base/sun.util.locale.provider.NumberFormatProviderImpl.<init>(NumberFormatProviderImpl.java:70)
java.base/sun.util.locale.provider.JRELocaleProviderAdapter.lambda$getNumberFormatProvider$5(JRELocaleProviderAdapter.java:239)
java.base/java.security.AccessController.doPrivileged(Native Method)
java.base/sun.util.locale.provider.JRELocaleProviderAdapter.getNumberFormatProvider(JRELocaleProviderAdapter.java:235)
java.base/sun.util.locale.provider.JRELocaleProviderAdapter.getLocaleServiceProvider(JRELocaleProviderAdapter.java:103)
java.base/sun.util.locale.provider.LocaleProviderAdapter.findAdapter(LocaleProviderAdapter.java:281)
java.base/sun.util.locale.provider.LocaleProviderAdapter.getAdapter(LocaleProviderAdapter.java:250)
java.base/java.text.NumberFormat.getInstance(NumberFormat.java:905)
java.base/java.text.NumberFormat.getNumberInstance(NumberFormat.java:515)
java.base/java.util.Scanner.useLocale(Scanner.java:1270)
java.base/java.util.Scanner.<init>(Scanner.java:543)
java.base/java.util.Scanner.<init>(Scanner.java:566)
main.java.view.Menu.reviewRentShow(Menu.java:171)
main.java.view.Menu_ESTest.test59(Menu_ESTest.java:925)
java.base/jdk.internal.reflect.NativeMethodAccessorImpl.invoke0(Native Method)
java.base/jdk.internal.reflect.NativeMethodAccessorImpl.invoke(NativeMethodAccessorImpl.java:62)
java.base/jdk.internal.reflect.DelegatingMethodAccessorImpl.invoke(DelegatingMethodAccessorImpl.java:43)
java.base/java.lang.reflect.Method.invoke(Method.java:566)
org.junit.runners.model.FrameworkMethod$1.runReflectiveCall(FrameworkMethod.java:47)
org.junit.internal.runners.model.ReflectiveCallable.run(ReflectiveCallable.java:12)
org.junit.runners.model.FrameworkMethod.invokeExplosively(FrameworkMethod.java:44)
org.junit.internal.runners.statements.InvokeMethod.evaluate(InvokeMethod.java:17)
org.junit.internal.runners.statements.FailOnTimeout$StatementThread.run(FailOnTimeout.java:74)

	at org.evosuite.runtime.sandbox.MSecurityManager.checkPermission(MSecurityManager.java:452)
	at java.base/java.util.spi.LocaleServiceProvider.checkPermission(LocaleServiceProvider.java:157)
	at java.base/java.util.spi.LocaleServiceProvider.<init>(LocaleServiceProvider.java:171)
	at java.base/java.text.spi.NumberFormatProvider.<init>(NumberFormatProvider.java:45)
	at java.base/sun.util.locale.provider.NumberFormatProviderImpl.<init>(NumberFormatProviderImpl.java:70)
	at java.base/sun.util.locale.provider.JRELocaleProviderAdapter.lambda$getNumberFormatProvider$5(JRELocaleProviderAdapter.java:239)
	at java.base/java.security.AccessController.doPrivileged(Native Method)
	at java.base/sun.util.locale.provider.JRELocaleProviderAdapter.getNumberFormatProvider(JRELocaleProviderAdapter.java:235)
	at java.base/sun.util.locale.provider.JRELocaleProviderAdapter.getLocaleServiceProvider(JRELocaleProviderAdapter.java:103)
	at java.base/sun.util.locale.provider.LocaleProviderAdapter.findAdapter(LocaleProviderAdapter.java:281)
	at java.base/sun.util.locale.provider.LocaleProviderAdapter.getAdapter(LocaleProviderAdapter.java:250)
	at java.base/java.text.NumberFormat.getInstance(NumberFormat.java:905)
	at java.base/java.text.NumberFormat.getNumberInstance(NumberFormat.java:515)
	at java.base/java.util.Scanner.useLocale(Scanner.java:1270)
	at java.base/java.util.Scanner.<init>(Scanner.java:543)
	at java.base/java.util.Scanner.<init>(Scanner.java:566)
	at main.java.view.Menu.reviewRentShow(Menu.java:171)
	at main.java.view.Menu_ESTest.test59(Menu_ESTest.java:925)
	at java.base/jdk.internal.reflect.NativeMethodAccessorImpl.invoke0(Native Method)
	at java.base/jdk.internal.reflect.NativeMethodAccessorImpl.invoke(NativeMethodAccessorImpl.java:62)
	at java.base/jdk.internal.reflect.DelegatingMethodAccessorImpl.invoke(DelegatingMethodAccessorImpl.java:43)
	at java.base/java.lang.reflect.Method.invoke(Method.java:566)
	at org.junit.runners.model.FrameworkMethod$1.runReflectiveCall(FrameworkMethod.java:47)
	at org.junit.internal.runners.model.ReflectiveCallable.run(ReflectiveCallable.java:12)
	at org.junit.runners.model.FrameworkMethod.invokeExplosively(FrameworkMethod.java:44)
	at org.junit.internal.runners.statements.InvokeMethod.evaluate(InvokeMethod.java:17)
	at org.junit.internal.runners.statements.FailOnTimeout$StatementThread.run(FailOnTimeout.java:74)

test16(main.java.view.Menu_ESTest)  Time elapsed: 0.006 sec  <<< ERROR!
java.lang.NoClassDefFoundError: Could not initialize class java.util.logging.LogRecord$CallerFinder
	at java.logging/java.util.logging.LogRecord.inferCaller(LogRecord.java:683)
	at java.logging/java.util.logging.LogRecord.getSourceClassName(LogRecord.java:352)
	at java.logging/java.util.logging.SimpleFormatter.format(SimpleFormatter.java:160)
	at java.logging/java.util.logging.StreamHandler.publish(StreamHandler.java:199)
	at java.logging/java.util.logging.ConsoleHandler.publish(ConsoleHandler.java:95)
	at java.logging/java.util.logging.Logger.log(Logger.java:979)
	at java.logging/java.util.logging.Logger.doLog(Logger.java:1006)
	at java.logging/java.util.logging.Logger.log(Logger.java:1029)
	at java.logging/java.util.logging.Logger.info(Logger.java:1802)
	at main.java.view.Menu.displayMenuHeader(Menu.java:413)
	at main.java.view.Menu.carOverviewShow(Menu.java:101)
	at main.java.view.Menu_ESTest.test16(Menu_ESTest.java:231)
	at java.base/jdk.internal.reflect.NativeMethodAccessorImpl.invoke0(Native Method)
	at java.base/jdk.internal.reflect.NativeMethodAccessorImpl.invoke(NativeMethodAccessorImpl.java:62)
	at java.base/jdk.internal.reflect.DelegatingMethodAccessorImpl.invoke(DelegatingMethodAccessorImpl.java:43)
	at java.base/java.lang.reflect.Method.invoke(Method.java:566)
	at org.junit.runners.model.FrameworkMethod$1.runReflectiveCall(FrameworkMethod.java:47)
	at org.junit.internal.runners.model.ReflectiveCallable.run(ReflectiveCallable.java:12)
	at org.junit.runners.model.FrameworkMethod.invokeExplosively(FrameworkMethod.java:44)
	at org.junit.internal.runners.statements.InvokeMethod.evaluate(InvokeMethod.java:17)
	at org.junit.internal.runners.statements.FailOnTimeout$StatementThread.run(FailOnTimeout.java:74)

test17(main.java.view.Menu_ESTest)  Time elapsed: 0.004 sec  <<< ERROR!
java.lang.NoClassDefFoundError: Could not initialize class java.util.logging.LogRecord$CallerFinder
	at java.logging/java.util.logging.LogRecord.inferCaller(LogRecord.java:683)
	at java.logging/java.util.logging.LogRecord.getSourceClassName(LogRecord.java:352)
	at java.logging/java.util.logging.SimpleFormatter.format(SimpleFormatter.java:160)
	at java.logging/java.util.logging.StreamHandler.publish(StreamHandler.java:199)
	at java.logging/java.util.logging.ConsoleHandler.publish(ConsoleHandler.java:95)
	at java.logging/java.util.logging.Logger.log(Logger.java:979)
	at java.logging/java.util.logging.Logger.doLog(Logger.java:1006)
	at java.logging/java.util.logging.Logger.log(Logger.java:1029)
	at java.logging/java.util.logging.Logger.info(Logger.java:1802)
	at main.java.view.Menu.displayMenuHeader(Menu.java:413)
	at main.java.view.Menu.carOverviewShow(Menu.java:101)
	at main.java.view.Menu_ESTest.test17(Menu_ESTest.java:241)
	at java.base/jdk.internal.reflect.NativeMethodAccessorImpl.invoke0(Native Method)
	at java.base/jdk.internal.reflect.NativeMethodAccessorImpl.invoke(NativeMethodAccessorImpl.java:62)
	at java.base/jdk.internal.reflect.DelegatingMethodAccessorImpl.invoke(DelegatingMethodAccessorImpl.java:43)
	at java.base/java.lang.reflect.Method.invoke(Method.java:566)
	at org.junit.runners.model.FrameworkMethod$1.runReflectiveCall(FrameworkMethod.java:47)
	at org.junit.internal.runners.model.ReflectiveCallable.run(ReflectiveCallable.java:12)
	at org.junit.runners.model.FrameworkMethod.invokeExplosively(FrameworkMethod.java:44)
	at org.junit.internal.runners.statements.InvokeMethod.evaluate(InvokeMethod.java:17)
	at org.junit.internal.runners.statements.FailOnTimeout$StatementThread.run(FailOnTimeout.java:74)

test18(main.java.view.Menu_ESTest)  Time elapsed: 0.006 sec  <<< FAILURE!
java.lang.AssertionError: Exception was not thrown in main.java.view.Menu but in org.evosuite.runtime.sandbox.MSecurityManager.checkPermission(MSecurityManager.java:452): java.lang.SecurityException: Security manager blocks ("java.lang.RuntimePermission" "localeServiceProvider")
java.base/java.lang.Thread.getStackTrace(Thread.java:1606)
org.evosuite.runtime.sandbox.MSecurityManager.checkPermission(MSecurityManager.java:434)
java.base/java.util.spi.LocaleServiceProvider.checkPermission(LocaleServiceProvider.java:157)
java.base/java.util.spi.LocaleServiceProvider.<init>(LocaleServiceProvider.java:171)
java.base/java.text.spi.NumberFormatProvider.<init>(NumberFormatProvider.java:45)
java.base/sun.util.locale.provider.NumberFormatProviderImpl.<init>(NumberFormatProviderImpl.java:70)
java.base/sun.util.locale.provider.JRELocaleProviderAdapter.lambda$getNumberFormatProvider$5(JRELocaleProviderAdapter.java:239)
java.base/java.security.AccessController.doPrivileged(Native Method)
java.base/sun.util.locale.provider.JRELocaleProviderAdapter.getNumberFormatProvider(JRELocaleProviderAdapter.java:235)
java.base/sun.util.locale.provider.JRELocaleProviderAdapter.getLocaleServiceProvider(JRELocaleProviderAdapter.java:103)
java.base/sun.util.locale.provider.LocaleProviderAdapter.findAdapter(LocaleProviderAdapter.java:281)
java.base/sun.util.locale.provider.LocaleProviderAdapter.getAdapter(LocaleProviderAdapter.java:250)
java.base/java.text.NumberFormat.getInstance(NumberFormat.java:905)
java.base/java.text.NumberFormat.getNumberInstance(NumberFormat.java:515)
java.base/java.util.Scanner.useLocale(Scanner.java:1270)
java.base/java.util.Scanner.<init>(Scanner.java:543)
java.base/java.util.Scanner.<init>(Scanner.java:566)
main.java.view.Menu.walkingDistanceRent(Menu.java:155)
main.java.view.Menu_ESTest.test18(Menu_ESTest.java:251)
java.base/jdk.internal.reflect.NativeMethodAccessorImpl.invoke0(Native Method)
java.base/jdk.internal.reflect.NativeMethodAccessorImpl.invoke(NativeMethodAccessorImpl.java:62)
java.base/jdk.internal.reflect.DelegatingMethodAccessorImpl.invoke(DelegatingMethodAccessorImpl.java:43)
java.base/java.lang.reflect.Method.invoke(Method.java:566)
org.junit.runners.model.FrameworkMethod$1.runReflectiveCall(FrameworkMethod.java:47)
org.junit.internal.runners.model.ReflectiveCallable.run(ReflectiveCallable.java:12)
org.junit.runners.model.FrameworkMethod.invokeExplosively(FrameworkMethod.java:44)
org.junit.internal.runners.statements.InvokeMethod.evaluate(InvokeMethod.java:17)
org.junit.internal.runners.statements.FailOnTimeout$StatementThread.run(FailOnTimeout.java:74)

	at org.evosuite.runtime.EvoAssertions.assertThrownBy(EvoAssertions.java:112)
	at org.evosuite.runtime.EvoAssertions.verifyException(EvoAssertions.java:49)
	at main.java.view.Menu_ESTest.test18(Menu_ESTest.java:258)
	at java.base/jdk.internal.reflect.NativeMethodAccessorImpl.invoke0(Native Method)
	at java.base/jdk.internal.reflect.NativeMethodAccessorImpl.invoke(NativeMethodAccessorImpl.java:62)
	at java.base/jdk.internal.reflect.DelegatingMethodAccessorImpl.invoke(DelegatingMethodAccessorImpl.java:43)
	at java.base/java.lang.reflect.Method.invoke(Method.java:566)
	at org.junit.runners.model.FrameworkMethod$1.runReflectiveCall(FrameworkMethod.java:47)
	at org.junit.internal.runners.model.ReflectiveCallable.run(ReflectiveCallable.java:12)
	at org.junit.runners.model.FrameworkMethod.invokeExplosively(FrameworkMethod.java:44)
	at org.junit.internal.runners.statements.InvokeMethod.evaluate(InvokeMethod.java:17)
	at org.junit.internal.runners.statements.FailOnTimeout$StatementThread.run(FailOnTimeout.java:74)

test19(main.java.view.Menu_ESTest)  Time elapsed: 0.007 sec  <<< ERROR!
java.lang.NoClassDefFoundError: Could not initialize class java.util.logging.LogRecord$CallerFinder
	at java.logging/java.util.logging.LogRecord.inferCaller(LogRecord.java:683)
	at java.logging/java.util.logging.LogRecord.getSourceClassName(LogRecord.java:352)
	at java.logging/java.util.logging.SimpleFormatter.format(SimpleFormatter.java:160)
	at java.logging/java.util.logging.StreamHandler.publish(StreamHandler.java:199)
	at java.logging/java.util.logging.ConsoleHandler.publish(ConsoleHandler.java:95)
	at java.logging/java.util.logging.Logger.log(Logger.java:979)
	at java.logging/java.util.logging.Logger.doLog(Logger.java:1006)
	at java.logging/java.util.logging.Logger.log(Logger.java:1029)
	at java.logging/java.util.logging.Logger.info(Logger.java:1802)
	at main.java.view.Menu.displayMenuHeader(Menu.java:413)
	at main.java.view.Menu.top10ClientsShow(Menu.java:197)
	at main.java.view.Menu_ESTest.test19(Menu_ESTest.java:268)
	at java.base/jdk.internal.reflect.NativeMethodAccessorImpl.invoke0(Native Method)
	at java.base/jdk.internal.reflect.NativeMethodAccessorImpl.invoke(NativeMethodAccessorImpl.java:62)
	at java.base/jdk.internal.reflect.DelegatingMethodAccessorImpl.invoke(DelegatingMethodAccessorImpl.java:43)
	at java.base/java.lang.reflect.Method.invoke(Method.java:566)
	at org.junit.runners.model.FrameworkMethod$1.runReflectiveCall(FrameworkMethod.java:47)
	at org.junit.internal.runners.model.ReflectiveCallable.run(ReflectiveCallable.java:12)
	at org.junit.runners.model.FrameworkMethod.invokeExplosively(FrameworkMethod.java:44)
	at org.junit.internal.runners.statements.InvokeMethod.evaluate(InvokeMethod.java:17)
	at org.junit.internal.runners.statements.FailOnTimeout$StatementThread.run(FailOnTimeout.java:74)

