-------------------------------------------------------------------------------
Test set: model.CarModel_ESTest
-------------------------------------------------------------------------------
Tests run: 22, Failures: 1, Errors: 0, Skipped: 0, Time elapsed: 7.582 sec <<< FAILURE!
test06(model.CarModel_ESTest)  Time elapsed: 0.012 sec  <<< FAILURE!
java.lang.AssertionError: Cannot load/analyze class model.CarModel$CarType
	at org.evosuite.runtime.EvoAssertions.assertThrownBy(EvoAssertions.java:88)
	at org.evosuite.runtime.EvoAssertions.verifyException(EvoAssertions.java:49)
	at model.CarModel_ESTest.test06(CarModel_ESTest.java:79)
	at java.base/jdk.internal.reflect.NativeMethodAccessorImpl.invoke0(Native Method)
	at java.base/jdk.internal.reflect.NativeMethodAccessorImpl.invoke(NativeMethodAccessorImpl.java:62)
	at java.base/jdk.internal.reflect.DelegatingMethodAccessorImpl.invoke(DelegatingMethodAccessorImpl.java:43)
	at java.base/java.lang.reflect.Method.invoke(Method.java:566)
	at org.junit.runners.model.FrameworkMethod$1.runReflectiveCall(FrameworkMethod.java:47)
	at org.junit.internal.runners.model.ReflectiveCallable.run(ReflectiveCallable.java:12)
	at org.junit.runners.model.FrameworkMethod.invokeExplosively(FrameworkMethod.java:44)
	at org.junit.internal.runners.statements.InvokeMethod.evaluate(InvokeMethod.java:17)
	at org.junit.internal.runners.statements.FailOnTimeout$StatementThread.run(FailOnTimeout.java:74)

