<?xml version="1.0" encoding="UTF-8" ?>
<testsuite tests="17" failures="0" name="main.java.model.User_ESTest" time="0.104" errors="0" skipped="0">
  <properties>
[...]
</properties>
  <testcase classname="main.java.model.User_ESTest" name="test04" time="0.007"/>
  <testcase classname="main.java.model.User_ESTest" name="test15" time="0.021"/>
  <testcase classname="main.java.model.User_ESTest" name="test05" time="0.004"/>
  <testcase classname="main.java.model.User_ESTest" name="test16" time="0.004"/>
  <testcase classname="main.java.model.User_ESTest" name="test02" time="0.007"/>
  <testcase classname="main.java.model.User_ESTest" name="test13" time="0.005"/>
  <testcase classname="main.java.model.User_ESTest" name="test03" time="0.005"/>
  <testcase classname="main.java.model.User_ESTest" name="test14" time="0.007"/>
  <testcase classname="main.java.model.User_ESTest" name="test00" time="0.005"/>
  <testcase classname="main.java.model.User_ESTest" name="test11" time="0.003"/>
  <testcase classname="main.java.model.User_ESTest" name="test01" time="0.004"/>
  <testcase classname="main.java.model.User_ESTest" name="test12" time="0.004"/>
  <testcase classname="main.java.model.User_ESTest" name="test10" time="0.005"/>
  <testcase classname="main.java.model.User_ESTest" name="test08" time="0.005"/>
  <testcase classname="main.java.model.User_ESTest" name="test09" time="0.004"/>
  <testcase classname="main.java.model.User_ESTest" name="test06" time="0.01"/>
  <testcase classname="main.java.model.User_ESTest" name="test07" time="0.004"/>
</testsuite>